<?xml version="1.0" encoding="utf-8"?>
<coverage line-rate="0.97" branch-rate="0.9139" version="1.9" timestamp="1773337343" lines-covered="162" lines-valid="167" branches-covered="85" branches-valid="93">
  <sources>
    <source>/Users/scottpeterson/Dev/FizzBuzz/Scott.FizzBuzz/Scott.FunctionalProgrammingTriads.Console/</source>
  </sources>
  <packages>
    <package name="Scott.FizzBuzz.Console" line-rate="0.97" branch-rate="0.9139" complexity="104">
      <classes>
        <class name="Program" filename="Program.cs" line-rate="0" branch-rate="1" complexity="1">
          <methods>
            <method name="&lt;Main&gt;$" signature="(System.String[])" line-rate="0" branch-rate="1" complexity="1">
              <lines>
                <line number="3" hits="0" branch="False" />
              </lines>
            </method>
          </methods>
          <lines>
            <line number="3" hits="0" branch="False" />
          </lines>
        </class>
        <class name="Scott.FizzBuzz.Console.ConsoleApplication" filename="ConsoleApplication.cs" line-rate="1" branch-rate="0.9" complexity="11">
          <methods>
            <method name="Run" signature="(System.String[],Microsoft.Extensions.Hosting.IHost,System.IO.TextWriter)" line-rate="1" branch-rate="0.8332999999999999" complexity="6">
              <lines>
                <line number="13" hits="6" branch="True" condition-coverage="100% (2/2)">
                  <conditions>
                    <condition number="9" type="jump" coverage="100%" />
                  </conditions>
                </line>
                <line number="14" hits="6" branch="False" />
                <line number="15" hits="6" branch="True" condition-coverage="50% (1/2)">
                  <conditions>
                    <condition number="31" type="jump" coverage="50%" />
                  </conditions>
                </line>
                <line number="19" hits="12" branch="False" />
                <line number="21" hits="6" branch="False" />
                <line number="22" hits="6" branch="False" />
                <line number="23" hits="4" branch="False" />
                <line number="24" hits="8" branch="False" />
                <line number="28" hits="6" branch="True" condition-coverage="100% (2/2)">
                  <conditions>
                    <condition number="100" type="jump" coverage="100%" />
                  </conditions>
                </line>
                <line number="30" hits="2" branch="False" />
                <line number="32" hits="6" branch="False" />
                <line number="33" hits="6" branch="False" />
              </lines>
            </method>
            <method name="BuildHost" signature="(System.String[])" line-rate="1" branch-rate="1" complexity="1">
              <lines>
                <line number="36" hits="2" branch="False" />
                <line number="37" hits="2" branch="False" />
                <line number="38" hits="2" branch="False" />
                <line number="39" hits="2" branch="False" />
                <line number="40" hits="2" branch="False" />
                <line number="41" hits="2" branch="False" />
                <line number="42" hits="2" branch="False" />
                <line number="43" hits="2" branch="False" />
              </lines>
            </method>
            <method name="ExecuteDemo" signature="(Microsoft.Extensions.Hosting.IHost,Scott.FizzBuzz.Console.Options,System.IO.TextWriter)" line-rate="1" branch-rate="1" complexity="2">
              <lines>
                <line number="47" hits="4" branch="False" />
                <line number="48" hits="4" branch="False" />
                <line number="49" hits="4" branch="True" condition-coverage="100% (2/2)">
                  <conditions>
                    <condition number="25" type="jump" coverage="100%" />
                  </conditions>
                </line>
                <line number="51" hits="2" branch="False" />
                <line number="54" hits="2" branch="False" />
                <line number="55" hits="2" branch="False" />
              </lines>
            </method>
            <method name="HandleParseErrors" signature="(System.Collections.Generic.IEnumerable`1&lt;CommandLine.Error&gt;,System.IO.TextWriter)" line-rate="1" branch-rate="1" complexity="2">
              <lines>
                <line number="60" hits="2" branch="False" />
                <line number="61" hits="8" branch="True" condition-coverage="100% (2/2)">
                  <conditions>
                    <condition number="99" type="jump" coverage="100%" />
                  </conditions>
                </line>
                <line number="63" hits="2" branch="False" />
                <line number="66" hits="2" branch="False" />
              </lines>
            </method>
          </methods>
          <lines>
            <line number="13" hits="6" branch="True" condition-coverage="100% (2/2)">
              <conditions>
                <condition number="9" type="jump" coverage="100%" />
              </conditions>
            </line>
            <line number="14" hits="6" branch="False" />
            <line number="15" hits="6" branch="True" condition-coverage="50% (1/2)">
              <conditions>
                <condition number="31" type="jump" coverage="50%" />
              </conditions>
            </line>
            <line number="19" hits="12" branch="False" />
            <line number="21" hits="6" branch="False" />
            <line number="22" hits="6" branch="False" />
            <line number="23" hits="4" branch="False" />
            <line number="24" hits="8" branch="False" />
            <line number="28" hits="6" branch="True" condition-coverage="100% (2/2)">
              <conditions>
                <condition number="100" type="jump" coverage="100%" />
              </conditions>
            </line>
            <line number="30" hits="2" branch="False" />
            <line number="32" hits="6" branch="False" />
            <line number="33" hits="6" branch="False" />
            <line number="36" hits="2" branch="False" />
            <line number="37" hits="2" branch="False" />
            <line number="38" hits="2" branch="False" />
            <line number="39" hits="2" branch="False" />
            <line number="40" hits="2" branch="False" />
            <line number="41" hits="2" branch="False" />
            <line number="42" hits="2" branch="False" />
            <line number="43" hits="2" branch="False" />
            <line number="47" hits="4" branch="False" />
            <line number="48" hits="4" branch="False" />
            <line number="49" hits="4" branch="True" condition-coverage="100% (2/2)">
              <conditions>
                <condition number="25" type="jump" coverage="100%" />
              </conditions>
            </line>
            <line number="51" hits="2" branch="False" />
            <line number="54" hits="2" branch="False" />
            <line number="55" hits="2" branch="False" />
            <line number="60" hits="2" branch="False" />
            <line number="61" hits="8" branch="True" condition-coverage="100% (2/2)">
              <conditions>
                <condition number="99" type="jump" coverage="100%" />
              </conditions>
            </line>
            <line number="63" hits="2" branch="False" />
            <line number="66" hits="2" branch="False" />
          </lines>
        </class>
        <class name="Scott.FizzBuzz.Console.DemoRunner" filename="DemoRunner.cs" line-rate="0.9645999999999999" branch-rate="0.9129999999999999" complexity="71">
          <methods>
            <method name="Execute" signature="(Scott.FizzBuzz.Console.Options)" line-rate="1" branch-rate="1" complexity="10">
              <lines>
                <line number="53" hits="36" branch="True" condition-coverage="100% (2/2)">
                  <conditions>
                    <condition number="1" type="jump" coverage="100%" />
                  </conditions>
                </line>
                <line number="55" hits="2" branch="False" />
                <line number="58" hits="34" branch="False" />
                <line number="59" hits="34" branch="True" condition-coverage="100% (2/2)">
                  <conditions>
                    <condition number="28" type="jump" coverage="100%" />
                  </conditions>
                </line>
                <line number="61" hits="6" branch="False" />
                <line number="64" hits="28" branch="True" condition-coverage="100% (2/2)">
                  <conditions>
                    <condition number="38" type="jump" coverage="100%" />
                  </conditions>
                </line>
                <line number="66" hits="12" branch="False" />
                <line number="67" hits="12" branch="False" />
                <line number="70" hits="16" branch="True" condition-coverage="100% (2/2)">
                  <conditions>
                    <condition number="69" type="jump" coverage="100%" />
                  </conditions>
                </line>
                <line number="72" hits="2" branch="False" />
                <line number="75" hits="14" branch="True" condition-coverage="100% (2/2)">
                  <conditions>
                    <condition number="101" type="jump" coverage="100%" />
                  </conditions>
                </line>
                <line number="76" hits="14" branch="False" />
                <line number="77" hits="14" branch="False" />
              </lines>
            </method>
            <method name="ValidateContract" signature="(Scott.FizzBuzz.Console.Options)" line-rate="1" branch-rate="1" complexity="12">
              <lines>
                <line number="82" hits="34" branch="False" />
                <line number="83" hits="34" branch="False" />
                <line number="84" hits="34" branch="False" />
                <line number="85" hits="40" branch="True" condition-coverage="100% (2/2)">
                  <conditions>
                    <condition number="52" type="jump" coverage="100%" />
                  </conditions>
                </line>
                <line number="87" hits="34" branch="True" condition-coverage="100% (4/4)">
                  <conditions>
                    <condition number="94" type="jump" coverage="100%" />
                    <condition number="102" type="jump" coverage="100%" />
                  </conditions>
                </line>
                <line number="89" hits="2" branch="False" />
                <line number="92" hits="32" branch="True" condition-coverage="100% (2/2)">
                  <conditions>
                    <condition number="123" type="jump" coverage="100%" />
                  </conditions>
                </line>
                <line number="94" hits="2" branch="False" />
                <line number="97" hits="30" branch="True" condition-coverage="100% (4/4)">
                  <conditions>
                    <condition number="142" type="jump" coverage="100%" />
                    <condition number="147" type="jump" coverage="100%" />
                  </conditions>
                </line>
                <line number="99" hits="2" branch="False" />
                <line number="102" hits="28" branch="False" />
              </lines>
            </method>
            <method name="ShowAvailableDemos" signature="(System.Collections.Generic.IEnumerable`1&lt;System.String&gt;)" line-rate="0.9444" branch-rate="0.9" complexity="20">
              <lines>
                <line number="107" hits="12" branch="True" condition-coverage="100% (4/4)">
                  <conditions>
                    <condition number="8" type="jump" coverage="100%" />
                    <condition number="97" type="jump" coverage="100%" />
                  </conditions>
                </line>
                <line number="108" hits="4" branch="False" />
                <line number="109" hits="4" branch="False" />
                <line number="110" hits="12" branch="False" />
                <line number="111" hits="12" branch="False" />
                <line number="113" hits="12" branch="False" />
                <line number="114" hits="28" branch="True" condition-coverage="100% (2/2)">
                  <conditions>
                    <condition number="24" type="jump" coverage="100%" />
                  </conditions>
                </line>
                <line number="115" hits="28" branch="False" />
                <line number="116" hits="38" branch="False" />
                <line number="117" hits="54" branch="False" />
                <line number="118" hits="12" branch="False" />
                <line number="119" hits="12" branch="False" />
                <line number="120" hits="20" branch="False" />
                <line number="121" hits="12" branch="False" />
                <line number="123" hits="12" branch="True" condition-coverage="50% (1/2)">
                  <conditions>
                    <condition number="245" type="jump" coverage="50%" />
                  </conditions>
                </line>
                <line number="125" hits="0" branch="False" />
                <line number="126" hits="0" branch="False" />
                <line number="129" hits="12" branch="False" />
                <line number="131" hits="72" branch="True" condition-coverage="100% (2/2)">
                  <conditions>
                    <condition number="615" type="jump" coverage="100%" />
                  </conditions>
                </line>
                <line number="133" hits="24" branch="False" />
                <line number="134" hits="24" branch="True" condition-coverage="50% (1/2)">
                  <conditions>
                    <condition number="306" type="jump" coverage="50%" />
                  </conditions>
                </line>
                <line number="135" hits="24" branch="False" />
                <line number="137" hits="24" branch="True" condition-coverage="100% (2/2)">
                  <conditions>
                    <condition number="369" type="jump" coverage="100%" />
                  </conditions>
                </line>
                <line number="139" hits="20" branch="True" condition-coverage="100% (2/2)">
                  <conditions>
                    <condition number="374" type="jump" coverage="100%" />
                  </conditions>
                </line>
                <line number="141" hits="8" branch="False" />
                <line number="144" hits="20" branch="False" />
                <line number="145" hits="20" branch="False" />
                <line number="146" hits="20" branch="False" />
                <line number="148" hits="4" branch="True" condition-coverage="100% (2/2)">
                  <conditions>
                    <condition number="452" type="jump" coverage="100%" />
                  </conditions>
                </line>
                <line number="150" hits="4" branch="False" />
                <line number="153" hits="24" branch="False" />
                <line number="154" hits="24" branch="False" />
                <line number="155" hits="24" branch="False" />
                <line number="157" hits="24" branch="True" condition-coverage="100% (2/2)">
                  <conditions>
                    <condition number="567" type="jump" coverage="100%" />
                  </conditions>
                </line>
                <line number="159" hits="10" branch="False" />
                <line number="162" hits="12" branch="False" />
              </lines>
            </method>
            <method name="WriteLineEff" signature="(System.String)" line-rate="1" branch-rate="1" complexity="1">
              <lines>
                <line number="165" hits="134" branch="False" />
                <line number="166" hits="134" branch="False" />
                <line number="167" hits="134" branch="False" />
                <line number="168" hits="134" branch="False" />
                <line number="169" hits="134" branch="False" />
              </lines>
            </method>
            <method name="GetLearningStage" signature="(Scott.FizzBuzz.Core.Interfaces.IDemo)" line-rate="1" branch-rate="1" complexity="8">
              <lines>
                <line number="173" hits="44" branch="True" condition-coverage="100% (2/2)">
                  <conditions>
                    <condition number="21" type="jump" coverage="100%" />
                  </conditions>
                </line>
                <line number="174" hits="12" branch="False" />
                <line number="176" hits="32" branch="True" condition-coverage="100% (2/2)">
                  <conditions>
                    <condition number="69" type="jump" coverage="100%" />
                  </conditions>
                </line>
                <line number="177" hits="16" branch="False" />
                <line number="179" hits="16" branch="True" condition-coverage="100% (4/4)">
                  <conditions>
                    <condition number="94" type="jump" coverage="100%" />
                    <condition number="117" type="jump" coverage="100%" />
                  </conditions>
                </line>
                <line number="180" hits="16" branch="False" />
                <line number="181" hits="10" branch="False" />
                <line number="183" hits="6" branch="False" />
              </lines>
            </method>
            <method name="GetLearningStageHeader" signature="(System.Int32)" line-rate="1" branch-rate="1" complexity="5">
              <lines>
                <line number="186" hits="20" branch="True" condition-coverage="100% (5/5)">
                  <conditions>
                    <condition number="1" type="switch" coverage="100%" />
                  </conditions>
                </line>
                <line number="187" hits="20" branch="False" />
                <line number="188" hits="2" branch="False" />
                <line number="189" hits="4" branch="False" />
                <line number="190" hits="6" branch="False" />
                <line number="191" hits="4" branch="False" />
                <line number="192" hits="4" branch="False" />
                <line number="193" hits="20" branch="False" />
              </lines>
            </method>
            <method name="GetCategoryRank" signature="(Scott.FizzBuzz.Core.Interfaces.IDemo)" line-rate="0.7777" branch-rate="0.7" complexity="10">
              <lines>
                <line number="195" hits="20" branch="True" condition-coverage="70% (7/10)">
                  <conditions>
                    <condition number="18" type="jump" coverage="100%" />
                    <condition number="31" type="jump" coverage="100%" />
                    <condition number="44" type="jump" coverage="100%" />
                    <condition number="57" type="jump" coverage="50%" />
                    <condition number="70" type="jump" coverage="0%" />
                  </conditions>
                </line>
                <line number="196" hits="20" branch="False" />
                <line number="197" hits="4" branch="False" />
                <line number="198" hits="2" branch="False" />
                <line number="199" hits="4" branch="False" />
                <line number="200" hits="10" branch="False" />
                <line number="201" hits="0" branch="False" />
                <line number="202" hits="0" branch="False" />
                <line number="203" hits="20" branch="False" />
              </lines>
            </method>
            <method name=".ctor" signature="(System.Collections.Generic.IEnumerable`1&lt;Scott.FizzBuzz.Core.Interfaces.IDemo&gt;)" line-rate="1" branch-rate="1" complexity="1">
              <lines>
                <line number="18" hits="28" branch="False" />
                <line number="20" hits="24" branch="False" />
              </lines>
            </method>
            <method name=".ctor" signature="(System.Collections.Generic.IEnumerable`1&lt;Scott.FizzBuzz.Core.Interfaces.IDemo&gt;,Scott.FizzBuzz.Core.Interfaces.IOutput)" line-rate="1" branch-rate="0.75" complexity="4">
              <lines>
                <line number="22" hits="40" branch="False" />
                <line number="25" hits="40" branch="False" />
                <line number="26" hits="40" branch="False" />
                <line number="27" hits="40" branch="False" />
                <line number="28" hits="40" branch="False" />
                <line number="29" hits="38" branch="False" />
                <line number="30" hits="2" branch="False" />
                <line number="31" hits="40" branch="False" />
                <line number="33" hits="38" branch="False" />
                <line number="34" hits="38" branch="False" />
                <line number="35" hits="42" branch="False" />
                <line number="36" hits="40" branch="False" />
                <line number="37" hits="2" branch="False" />
                <line number="38" hits="38" branch="False" />
                <line number="40" hits="38" branch="True" condition-coverage="100% (2/2)">
                  <conditions>
                    <condition number="236" type="jump" coverage="100%" />
                  </conditions>
                </line>
                <line number="42" hits="2" branch="False" />
                <line number="43" hits="2" branch="False" />
                <line number="44" hits="2" branch="False" />
                <line number="47" hits="112" branch="False" />
                <line number="48" hits="36" branch="True" condition-coverage="50% (1/2)">
                  <conditions>
                    <condition number="352" type="jump" coverage="50%" />
                  </conditions>
                </line>
                <line number="49" hits="36" branch="False" />
              </lines>
            </method>
          </methods>
          <lines>
            <line number="53" hits="36" branch="True" condition-coverage="100% (2/2)">
              <conditions>
                <condition number="1" type="jump" coverage="100%" />
              </conditions>
            </line>
            <line number="55" hits="2" branch="False" />
            <line number="58" hits="34" branch="False" />
            <line number="59" hits="34" branch="True" condition-coverage="100% (2/2)">
              <conditions>
                <condition number="28" type="jump" coverage="100%" />
              </conditions>
            </line>
            <line number="61" hits="6" branch="False" />
            <line number="64" hits="28" branch="True" condition-coverage="100% (2/2)">
              <conditions>
                <condition number="38" type="jump" coverage="100%" />
              </conditions>
            </line>
            <line number="66" hits="12" branch="False" />
            <line number="67" hits="12" branch="False" />
            <line number="70" hits="16" branch="True" condition-coverage="100% (2/2)">
              <conditions>
                <condition number="69" type="jump" coverage="100%" />
              </conditions>
            </line>
            <line number="72" hits="2" branch="False" />
            <line number="75" hits="14" branch="True" condition-coverage="100% (2/2)">
              <conditions>
                <condition number="101" type="jump" coverage="100%" />
              </conditions>
            </line>
            <line number="76" hits="14" branch="False" />
            <line number="77" hits="14" branch="False" />
            <line number="82" hits="34" branch="False" />
            <line number="83" hits="34" branch="False" />
            <line number="84" hits="34" branch="False" />
            <line number="85" hits="40" branch="True" condition-coverage="100% (2/2)">
              <conditions>
                <condition number="52" type="jump" coverage="100%" />
              </conditions>
            </line>
            <line number="87" hits="34" branch="True" condition-coverage="100% (4/4)">
              <conditions>
                <condition number="94" type="jump" coverage="100%" />
                <condition number="102" type="jump" coverage="100%" />
              </conditions>
            </line>
            <line number="89" hits="2" branch="False" />
            <line number="92" hits="32" branch="True" condition-coverage="100% (2/2)">
              <conditions>
                <condition number="123" type="jump" coverage="100%" />
              </conditions>
            </line>
            <line number="94" hits="2" branch="False" />
            <line number="97" hits="30" branch="True" condition-coverage="100% (4/4)">
              <conditions>
                <condition number="142" type="jump" coverage="100%" />
                <condition number="147" type="jump" coverage="100%" />
              </conditions>
            </line>
            <line number="99" hits="2" branch="False" />
            <line number="102" hits="28" branch="False" />
            <line number="107" hits="12" branch="True" condition-coverage="100% (4/4)">
              <conditions>
                <condition number="8" type="jump" coverage="100%" />
                <condition number="97" type="jump" coverage="100%" />
              </conditions>
            </line>
            <line number="108" hits="4" branch="False" />
            <line number="109" hits="4" branch="False" />
            <line number="110" hits="12" branch="False" />
            <line number="111" hits="12" branch="False" />
            <line number="113" hits="12" branch="False" />
            <line number="114" hits="28" branch="True" condition-coverage="100% (2/2)">
              <conditions>
                <condition number="24" type="jump" coverage="100%" />
              </conditions>
            </line>
            <line number="115" hits="28" branch="False" />
            <line number="116" hits="38" branch="False" />
            <line number="117" hits="54" branch="False" />
            <line number="118" hits="12" branch="False" />
            <line number="119" hits="12" branch="False" />
            <line number="120" hits="20" branch="False" />
            <line number="121" hits="12" branch="False" />
            <line number="123" hits="12" branch="True" condition-coverage="50% (1/2)">
              <conditions>
                <condition number="245" type="jump" coverage="50%" />
              </conditions>
            </line>
            <line number="125" hits="0" branch="False" />
            <line number="126" hits="0" branch="False" />
            <line number="129" hits="12" branch="False" />
            <line number="131" hits="72" branch="True" condition-coverage="100% (2/2)">
              <conditions>
                <condition number="615" type="jump" coverage="100%" />
              </conditions>
            </line>
            <line number="133" hits="24" branch="False" />
            <line number="134" hits="24" branch="True" condition-coverage="50% (1/2)">
              <conditions>
                <condition number="306" type="jump" coverage="50%" />
              </conditions>
            </line>
            <line number="135" hits="24" branch="False" />
            <line number="137" hits="24" branch="True" condition-coverage="100% (2/2)">
              <conditions>
                <condition number="369" type="jump" coverage="100%" />
              </conditions>
            </line>
            <line number="139" hits="20" branch="True" condition-coverage="100% (2/2)">
              <conditions>
                <condition number="374" type="jump" coverage="100%" />
              </conditions>
            </line>
            <line number="141" hits="8" branch="False" />
            <line number="144" hits="20" branch="False" />
            <line number="145" hits="20" branch="False" />
            <line number="146" hits="20" branch="False" />
            <line number="148" hits="4" branch="True" condition-coverage="100% (2/2)">
              <conditions>
                <condition number="452" type="jump" coverage="100%" />
              </conditions>
            </line>
            <line number="150" hits="4" branch="False" />
            <line number="153" hits="24" branch="False" />
            <line number="154" hits="24" branch="False" />
            <line number="155" hits="24" branch="False" />
            <line number="157" hits="24" branch="True" condition-coverage="100% (2/2)">
              <conditions>
                <condition number="567" type="jump" coverage="100%" />
              </conditions>
            </line>
            <line number="159" hits="10" branch="False" />
            <line number="162" hits="12" branch="False" />
            <line number="165" hits="134" branch="False" />
            <line number="166" hits="134" branch="False" />
            <line number="167" hits="134" branch="False" />
            <line number="168" hits="134" branch="False" />
            <line number="169" hits="134" branch="False" />
            <line number="173" hits="44" branch="True" condition-coverage="100% (2/2)">
              <conditions>
                <condition number="21" type="jump" coverage="100%" />
              </conditions>
            </line>
            <line number="174" hits="12" branch="False" />
            <line number="176" hits="32" branch="True" condition-coverage="100% (2/2)">
              <conditions>
                <condition number="69" type="jump" coverage="100%" />
              </conditions>
            </line>
            <line number="177" hits="16" branch="False" />
            <line number="179" hits="16" branch="True" condition-coverage="100% (4/4)">
              <conditions>
                <condition number="94" type="jump" coverage="100%" />
                <condition number="117" type="jump" coverage="100%" />
              </conditions>
            </line>
            <line number="180" hits="16" branch="False" />
            <line number="181" hits="10" branch="False" />
            <line number="183" hits="6" branch="False" />
            <line number="186" hits="20" branch="True" condition-coverage="100% (5/5)">
              <conditions>
                <condition number="1" type="switch" coverage="100%" />
              </conditions>
            </line>
            <line number="187" hits="20" branch="False" />
            <line number="188" hits="2" branch="False" />
            <line number="189" hits="4" branch="False" />
            <line number="190" hits="6" branch="False" />
            <line number="191" hits="4" branch="False" />
            <line number="192" hits="4" branch="False" />
            <line number="193" hits="20" branch="False" />
            <line number="195" hits="20" branch="True" condition-coverage="70% (7/10)">
              <conditions>
                <condition number="18" type="jump" coverage="100%" />
                <condition number="31" type="jump" coverage="100%" />
                <condition number="44" type="jump" coverage="100%" />
                <condition number="57" type="jump" coverage="50%" />
                <condition number="70" type="jump" coverage="0%" />
              </conditions>
            </line>
            <line number="196" hits="20" branch="False" />
            <line number="197" hits="4" branch="False" />
            <line number="198" hits="2" branch="False" />
            <line number="199" hits="4" branch="False" />
            <line number="200" hits="10" branch="False" />
            <line number="201" hits="0" branch="False" />
            <line number="202" hits="0" branch="False" />
            <line number="203" hits="20" branch="False" />
            <line number="18" hits="28" branch="False" />
            <line number="20" hits="24" branch="False" />
            <line number="22" hits="40" branch="False" />
            <line number="25" hits="40" branch="False" />
            <line number="26" hits="40" branch="False" />
            <line number="27" hits="40" branch="False" />
            <line number="28" hits="40" branch="False" />
            <line number="29" hits="38" branch="False" />
            <line number="30" hits="2" branch="False" />
            <line number="31" hits="40" branch="False" />
            <line number="33" hits="38" branch="False" />
            <line number="34" hits="38" branch="False" />
            <line number="35" hits="42" branch="False" />
            <line number="36" hits="40" branch="False" />
            <line number="37" hits="2" branch="False" />
            <line number="38" hits="38" branch="False" />
            <line number="40" hits="38" branch="True" condition-coverage="100% (2/2)">
              <conditions>
                <condition number="236" type="jump" coverage="100%" />
              </conditions>
            </line>
            <line number="42" hits="2" branch="False" />
            <line number="43" hits="2" branch="False" />
            <line number="44" hits="2" branch="False" />
            <line number="47" hits="112" branch="False" />
            <line number="48" hits="36" branch="True" condition-coverage="50% (1/2)">
              <conditions>
                <condition number="352" type="jump" coverage="50%" />
              </conditions>
            </line>
            <line number="49" hits="36" branch="False" />
          </lines>
        </class>
        <class name="Scott.FizzBuzz.Console.DemoServiceRegistration" filename="DemoServiceRegistration.cs" line-rate="1" branch-rate="0.9285" complexity="16">
          <methods>
            <method name="AddFizzBuzzDemos" signature="(Microsoft.Extensions.DependencyInjection.IServiceCollection)" line-rate="1" branch-rate="1" complexity="2">
              <lines>
                <line number="13" hits="10" branch="False" />
                <line number="15" hits="2140" branch="True" condition-coverage="100% (2/2)">
                  <conditions>
                    <condition number="55" type="jump" coverage="100%" />
                  </conditions>
                </line>
                <line number="17" hits="1060" branch="False" />
                <line number="20" hits="10" branch="False" />
              </lines>
            </method>
            <method name="DiscoverDemoTypes" signature="()" line-rate="1" branch-rate="1" complexity="1">
              <lines>
                <line number="23" hits="12" branch="False" />
              </lines>
            </method>
            <method name="DiscoverDemoTypesCore" signature="()" line-rate="1" branch-rate="0.9166" complexity="12">
              <lines>
                <line number="26" hits="2" branch="False" />
                <line number="27" hits="2" branch="False" />
                <line number="28" hits="2" branch="False" />
                <line number="29" hits="1152" branch="True" condition-coverage="100% (10/10)">
                  <conditions>
                    <condition number="1" type="jump" coverage="100%" />
                    <condition number="9" type="jump" coverage="100%" />
                    <condition number="17" type="jump" coverage="100%" />
                    <condition number="25" type="jump" coverage="100%" />
                    <condition number="33" type="jump" coverage="100%" />
                  </conditions>
                </line>
                <line number="30" hits="1152" branch="False" />
                <line number="31" hits="1152" branch="False" />
                <line number="32" hits="1152" branch="False" />
                <line number="33" hits="2" branch="False" />
                <line number="34" hits="212" branch="True" condition-coverage="50% (1/2)">
                  <conditions>
                    <condition number="6" type="jump" coverage="50%" />
                  </conditions>
                </line>
                <line number="35" hits="212" branch="False" />
                <line number="36" hits="212" branch="False" />
                <line number="37" hits="2" branch="False" />
              </lines>
            </method>
            <method name=".cctor" signature="()" line-rate="1" branch-rate="1" complexity="1">
              <lines>
                <line number="9" hits="2" branch="False" />
              </lines>
            </method>
          </methods>
          <lines>
            <line number="13" hits="10" branch="False" />
            <line number="15" hits="2140" branch="True" condition-coverage="100% (2/2)">
              <conditions>
                <condition number="55" type="jump" coverage="100%" />
              </conditions>
            </line>
            <line number="17" hits="1060" branch="False" />
            <line number="20" hits="10" branch="False" />
            <line number="23" hits="12" branch="False" />
            <line number="26" hits="2" branch="False" />
            <line number="27" hits="2" branch="False" />
            <line number="28" hits="2" branch="False" />
            <line number="29" hits="1152" branch="True" condition-coverage="100% (10/10)">
              <conditions>
                <condition number="1" type="jump" coverage="100%" />
                <condition number="9" type="jump" coverage="100%" />
                <condition number="17" type="jump" coverage="100%" />
                <condition number="25" type="jump" coverage="100%" />
                <condition number="33" type="jump" coverage="100%" />
              </conditions>
            </line>
            <line number="30" hits="1152" branch="False" />
            <line number="31" hits="1152" branch="False" />
            <line number="32" hits="1152" branch="False" />
            <line number="33" hits="2" branch="False" />
            <line number="34" hits="212" branch="True" condition-coverage="50% (1/2)">
              <conditions>
                <condition number="6" type="jump" coverage="50%" />
              </conditions>
            </line>
            <line number="35" hits="212" branch="False" />
            <line number="36" hits="212" branch="False" />
            <line number="37" hits="2" branch="False" />
            <line number="9" hits="2" branch="False" />
          </lines>
        </class>
        <class name="Scott.FizzBuzz.Console.Options" filename="Options.cs" line-rate="1" branch-rate="1" complexity="5">
          <methods>
            <method name="get_List" signature="()" line-rate="1" branch-rate="1" complexity="1">
              <lines>
                <line number="8" hits="116" branch="False" />
              </lines>
            </method>
            <method name="get_Tags" signature="()" line-rate="1" branch-rate="1" complexity="1">
              <lines>
                <line number="11" hits="60" branch="False" />
              </lines>
            </method>
            <method name="get_Method" signature="()" line-rate="1" branch-rate="1" complexity="1">
              <lines>
                <line number="14" hits="88" branch="False" />
              </lines>
            </method>
            <method name="get_Name" signature="()" line-rate="1" branch-rate="1" complexity="1">
              <lines>
                <line number="17" hits="58" branch="False" />
              </lines>
            </method>
            <method name="get_Number" signature="()" line-rate="1" branch-rate="1" complexity="1">
              <lines>
                <line number="20" hits="58" branch="False" />
              </lines>
            </method>
          </methods>
          <lines>
            <line number="8" hits="116" branch="False" />
            <line number="11" hits="60" branch="False" />
            <line number="14" hits="88" branch="False" />
            <line number="17" hits="58" branch="False" />
            <line number="20" hits="58" branch="False" />
          </lines>
        </class>
      </classes>
    </package>
  </packages>
</coverage>