<?xml version="1.0" encoding="utf-8"?>
<coverage line-rate="0.706" branch-rate="0.5566" version="1.9" timestamp="1772483739" lines-covered="1023" lines-valid="1449" branches-covered="177" branches-valid="318">
  <sources>
    <source>/Users/scottpeterson/Dev/FizzBuzz/Scott.FizzBuzz/Scott.FunctionalProgrammingTriads.Core/</source>
  </sources>
  <packages>
    <package name="Scott.FizzBuzz.Core" line-rate="0.706" branch-rate="0.5566" complexity="585">
      <classes>
        <class name="Scott.FizzBuzz.Core.ConsoleOutput" filename="ConsoleOutput.cs" line-rate="1" branch-rate="1" complexity="2">
          <methods>
            <method name="WriteLine" signature="(System.String)" line-rate="1" branch-rate="1" complexity="1">
              <lines>
                <line number="7" hits="101" branch="False" />
              </lines>
            </method>
            <method name="WithColor" signature="(System.ConsoleColor,System.Action)" line-rate="1" branch-rate="1" complexity="1">
              <lines>
                <line number="10" hits="105" branch="False" />
                <line number="11" hits="105" branch="False" />
                <line number="13" hits="105" branch="False" />
                <line number="14" hits="105" branch="False" />
                <line number="15" hits="105" branch="False" />
                <line number="16" hits="105" branch="False" />
                <line number="18" hits="105" branch="False" />
                <line number="19" hits="105" branch="False" />
                <line number="20" hits="105" branch="False" />
                <line number="21" hits="105" branch="False" />
              </lines>
            </method>
          </methods>
          <lines>
            <line number="7" hits="101" branch="False" />
            <line number="10" hits="105" branch="False" />
            <line number="11" hits="105" branch="False" />
            <line number="13" hits="105" branch="False" />
            <line number="14" hits="105" branch="False" />
            <line number="15" hits="105" branch="False" />
            <line number="16" hits="105" branch="False" />
            <line number="18" hits="105" branch="False" />
            <line number="19" hits="105" branch="False" />
            <line number="20" hits="105" branch="False" />
            <line number="21" hits="105" branch="False" />
          </lines>
        </class>
        <class name="Scott.FizzBuzz.Core.ImperativeExample" filename="ImperativeExample.cs" line-rate="1" branch-rate="1" complexity="8">
          <methods>
            <method name="ImperativeFizzBuzz" signature="(System.Int32)" line-rate="1" branch-rate="1" complexity="8">
              <lines>
                <line number="6" hits="204" branch="False" />
                <line number="7" hits="204" branch="True" condition-coverage="100% (4/4)">
                  <conditions>
                    <condition number="4" type="jump" coverage="100%" />
                    <condition number="17" type="jump" coverage="100%" />
                  </conditions>
                </line>
                <line number="8" hits="13" branch="False" />
                <line number="9" hits="13" branch="False" />
                <line number="12" hits="191" branch="True" condition-coverage="100% (2/2)">
                  <conditions>
                    <condition number="36" type="jump" coverage="100%" />
                  </conditions>
                </line>
                <line number="13" hits="55" branch="False" />
                <line number="14" hits="55" branch="False" />
                <line number="17" hits="136" branch="True" condition-coverage="100% (2/2)">
                  <conditions>
                    <condition number="55" type="jump" coverage="100%" />
                  </conditions>
                </line>
                <line number="18" hits="29" branch="False" />
                <line number="19" hits="29" branch="False" />
                <line number="22" hits="107" branch="False" />
                <line number="23" hits="204" branch="False" />
              </lines>
            </method>
          </methods>
          <lines>
            <line number="6" hits="204" branch="False" />
            <line number="7" hits="204" branch="True" condition-coverage="100% (4/4)">
              <conditions>
                <condition number="4" type="jump" coverage="100%" />
                <condition number="17" type="jump" coverage="100%" />
              </conditions>
            </line>
            <line number="8" hits="13" branch="False" />
            <line number="9" hits="13" branch="False" />
            <line number="12" hits="191" branch="True" condition-coverage="100% (2/2)">
              <conditions>
                <condition number="36" type="jump" coverage="100%" />
              </conditions>
            </line>
            <line number="13" hits="55" branch="False" />
            <line number="14" hits="55" branch="False" />
            <line number="17" hits="136" branch="True" condition-coverage="100% (2/2)">
              <conditions>
                <condition number="55" type="jump" coverage="100%" />
              </conditions>
            </line>
            <line number="18" hits="29" branch="False" />
            <line number="19" hits="29" branch="False" />
            <line number="22" hits="107" branch="False" />
            <line number="23" hits="204" branch="False" />
          </lines>
        </class>
        <class name="Scott.FizzBuzz.Core.MathExamples" filename="MathExamples.cs" line-rate="0" branch-rate="1" complexity="3">
          <methods>
            <method name="AddOne" signature="(System.Int32)" line-rate="0" branch-rate="1" complexity="1">
              <lines>
                <line number="5" hits="0" branch="False" />
              </lines>
            </method>
            <method name="TimesTwo" signature="(System.Int32)" line-rate="0" branch-rate="1" complexity="1">
              <lines>
                <line number="6" hits="0" branch="False" />
              </lines>
            </method>
            <method name="Square" signature="(System.Int32)" line-rate="0" branch-rate="1" complexity="1">
              <lines>
                <line number="7" hits="0" branch="False" />
              </lines>
            </method>
          </methods>
          <lines>
            <line number="5" hits="0" branch="False" />
            <line number="6" hits="0" branch="False" />
            <line number="7" hits="0" branch="False" />
          </lines>
        </class>
        <class name="Scott.FizzBuzz.Core.NoDependencyExample" filename="NoDependencyExample.cs" line-rate="1" branch-rate="1" complexity="6">
          <methods>
            <method name="NoDependencyFizzBuzz" signature="(System.Int32)" line-rate="1" branch-rate="1" complexity="6">
              <lines>
                <line number="6" hits="104" branch="False" />
                <line number="7" hits="104" branch="True" condition-coverage="100% (6/6)">
                  <conditions>
                    <condition number="14" type="jump" coverage="100%" />
                    <condition number="17" type="jump" coverage="100%" />
                    <condition number="22" type="jump" coverage="100%" />
                  </conditions>
                </line>
                <line number="8" hits="104" branch="False" />
                <line number="9" hits="7" branch="False" />
                <line number="10" hits="28" branch="False" />
                <line number="11" hits="15" branch="False" />
                <line number="12" hits="54" branch="False" />
                <line number="13" hits="104" branch="False" />
                <line number="14" hits="104" branch="False" />
              </lines>
            </method>
          </methods>
          <lines>
            <line number="6" hits="104" branch="False" />
            <line number="7" hits="104" branch="True" condition-coverage="100% (6/6)">
              <conditions>
                <condition number="14" type="jump" coverage="100%" />
                <condition number="17" type="jump" coverage="100%" />
                <condition number="22" type="jump" coverage="100%" />
              </conditions>
            </line>
            <line number="8" hits="104" branch="False" />
            <line number="9" hits="7" branch="False" />
            <line number="10" hits="28" branch="False" />
            <line number="11" hits="15" branch="False" />
            <line number="12" hits="54" branch="False" />
            <line number="13" hits="104" branch="False" />
            <line number="14" hits="104" branch="False" />
          </lines>
        </class>
        <class name="Scott.FizzBuzz.Core.OutputUtilities" filename="OutputUtilities.cs" line-rate="0.9666" branch-rate="1" complexity="9">
          <methods>
            <method name="ExecuteWithSpacing" signature="(System.Action,System.String)" line-rate="1" branch-rate="1" complexity="1">
              <lines>
                <line number="11" hits="13" branch="False" />
              </lines>
            </method>
            <method name="PrintHeader" signature="(System.String)" line-rate="0" branch-rate="1" complexity="1">
              <lines>
                <line number="15" hits="0" branch="False" />
              </lines>
            </method>
            <method name="ExecuteActionWithColor" signature="(Scott.FizzBuzz.Core.Interfaces.IOutput,System.Action)" line-rate="1" branch-rate="1" complexity="2">
              <lines>
                <line number="19" hits="51" branch="False" />
                <line number="20" hits="51" branch="True" condition-coverage="100% (2/2)">
                  <conditions>
                    <condition number="14" type="jump" coverage="100%" />
                  </conditions>
                </line>
                <line number="21" hits="22" branch="False" />
                <line number="22" hits="22" branch="False" />
                <line number="23" hits="22" branch="False" />
                <line number="26" hits="29" branch="False" />
                <line number="27" hits="50" branch="False" />
              </lines>
            </method>
            <method name="PrintDivider" signature="(Scott.FizzBuzz.Core.Interfaces.IOutput)" line-rate="1" branch-rate="1" complexity="1">
              <lines>
                <line number="30" hits="160" branch="False" />
                <line number="31" hits="160" branch="False" />
                <line number="32" hits="160" branch="False" />
              </lines>
            </method>
            <method name="PrintHeader" signature="(Scott.FizzBuzz.Core.Interfaces.IOutput,System.String)" line-rate="1" branch-rate="1" complexity="1">
              <lines>
                <line number="35" hits="55" branch="False" />
                <line number="36" hits="55" branch="False" />
                <line number="37" hits="55" branch="False" />
                <line number="38" hits="55" branch="False" />
                <line number="39" hits="55" branch="False" />
              </lines>
            </method>
            <method name="ExecuteWithSpacing" signature="(Scott.FizzBuzz.Core.Interfaces.IOutput,System.Action,System.String)" line-rate="1" branch-rate="1" complexity="1">
              <lines>
                <line number="42" hits="51" branch="False" />
                <line number="43" hits="51" branch="False" />
                <line number="44" hits="51" branch="False" />
                <line number="45" hits="50" branch="False" />
                <line number="47" hits="50" branch="False" />
                <line number="48" hits="50" branch="False" />
              </lines>
            </method>
            <method name="WriteColoredLine" signature="(Scott.FizzBuzz.Core.Interfaces.IOutput,System.String,System.ConsoleColor)" line-rate="1" branch-rate="1" complexity="2">
              <lines>
                <line number="51" hits="215" branch="False" />
                <line number="52" hits="215" branch="True" condition-coverage="100% (2/2)">
                  <conditions>
                    <condition number="39" type="jump" coverage="100%" />
                  </conditions>
                </line>
                <line number="53" hits="88" branch="False" />
                <line number="54" hits="176" branch="False" />
                <line number="55" hits="88" branch="False" />
                <line number="58" hits="127" branch="False" />
                <line number="59" hits="215" branch="False" />
              </lines>
            </method>
          </methods>
          <lines>
            <line number="11" hits="13" branch="False" />
            <line number="15" hits="0" branch="False" />
            <line number="19" hits="51" branch="False" />
            <line number="20" hits="51" branch="True" condition-coverage="100% (2/2)">
              <conditions>
                <condition number="14" type="jump" coverage="100%" />
              </conditions>
            </line>
            <line number="21" hits="22" branch="False" />
            <line number="22" hits="22" branch="False" />
            <line number="23" hits="22" branch="False" />
            <line number="26" hits="29" branch="False" />
            <line number="27" hits="50" branch="False" />
            <line number="30" hits="160" branch="False" />
            <line number="31" hits="160" branch="False" />
            <line number="32" hits="160" branch="False" />
            <line number="35" hits="55" branch="False" />
            <line number="36" hits="55" branch="False" />
            <line number="37" hits="55" branch="False" />
            <line number="38" hits="55" branch="False" />
            <line number="39" hits="55" branch="False" />
            <line number="42" hits="51" branch="False" />
            <line number="43" hits="51" branch="False" />
            <line number="44" hits="51" branch="False" />
            <line number="45" hits="50" branch="False" />
            <line number="47" hits="50" branch="False" />
            <line number="48" hits="50" branch="False" />
            <line number="51" hits="215" branch="False" />
            <line number="52" hits="215" branch="True" condition-coverage="100% (2/2)">
              <conditions>
                <condition number="39" type="jump" coverage="100%" />
              </conditions>
            </line>
            <line number="53" hits="88" branch="False" />
            <line number="54" hits="176" branch="False" />
            <line number="55" hits="88" branch="False" />
            <line number="58" hits="127" branch="False" />
            <line number="59" hits="215" branch="False" />
          </lines>
        </class>
        <class name="Scott.FizzBuzz.Core.PatternMatchingExample" filename="PatternMatchingExample.cs" line-rate="0.7361" branch-rate="0.5476" complexity="42">
          <methods>
            <method name="SimpleTypePattern" signature="()" line-rate="1" branch-rate="1" complexity="2">
              <lines>
                <line number="9" hits="1" branch="False" />
                <line number="10" hits="1" branch="False" />
                <line number="11" hits="1" branch="True" condition-coverage="100% (2/2)">
                  <conditions>
                    <condition number="20" type="jump" coverage="100%" />
                  </conditions>
                </line>
                <line number="12" hits="1" branch="False" />
                <line number="13" hits="1" branch="False" />
                <line number="14" hits="1" branch="False" />
                <line number="15" hits="1" branch="False" />
              </lines>
            </method>
            <method name="PropertyPattern" signature="()" line-rate="1" branch-rate="0.75" complexity="4">
              <lines>
                <line number="19" hits="1" branch="False" />
                <line number="20" hits="1" branch="False" />
                <line number="22" hits="1" branch="True" condition-coverage="75% (3/4)">
                  <conditions>
                    <condition number="15" type="jump" coverage="50%" />
                    <condition number="32" type="jump" coverage="100%" />
                  </conditions>
                </line>
                <line number="23" hits="1" branch="False" />
                <line number="24" hits="1" branch="False" />
                <line number="25" hits="1" branch="False" />
                <line number="26" hits="1" branch="False" />
              </lines>
            </method>
            <method name="TuplePatterns" signature="()" line-rate="0.5" branch-rate="0.3333" complexity="6">
              <lines>
                <line number="29" hits="1" branch="False" />
                <line number="30" hits="1" branch="False" />
                <line number="32" hits="1" branch="True" condition-coverage="33.33% (2/6)">
                  <conditions>
                    <condition number="26" type="jump" coverage="50%" />
                    <condition number="37" type="jump" coverage="0%" />
                    <condition number="50" type="jump" coverage="50%" />
                  </conditions>
                </line>
                <line number="35" hits="0" branch="False" />
                <line number="36" hits="0" branch="False" />
                <line number="38" hits="0" branch="False" />
                <line number="39" hits="0" branch="False" />
                <line number="41" hits="0" branch="False" />
                <line number="42" hits="0" branch="False" />
                <line number="44" hits="1" branch="False" />
                <line number="45" hits="1" branch="False" />
                <line number="47" hits="1" branch="False" />
              </lines>
            </method>
            <method name="RelationalPattern" signature="(System.Int32)" line-rate="1" branch-rate="0.75" complexity="4">
              <lines>
                <line number="50" hits="1" branch="False" />
                <line number="51" hits="1" branch="True" condition-coverage="75% (3/4)">
                  <conditions>
                    <condition number="3" type="jump" coverage="50%" />
                    <condition number="15" type="jump" coverage="100%" />
                  </conditions>
                </line>
                <line number="52" hits="1" branch="False" />
                <line number="53" hits="1" branch="False" />
                <line number="54" hits="1" branch="False" />
                <line number="55" hits="1" branch="False" />
              </lines>
            </method>
            <method name="LogicalPatterns" signature="(System.Char)" line-rate="1" branch-rate="0.6" complexity="10">
              <lines>
                <line number="58" hits="1" branch="False" />
                <line number="59" hits="1" branch="True" condition-coverage="60% (6/10)">
                  <conditions>
                    <condition number="4" type="jump" coverage="50%" />
                    <condition number="16" type="jump" coverage="50%" />
                    <condition number="9" type="jump" coverage="50%" />
                    <condition number="21" type="jump" coverage="50%" />
                    <condition number="34" type="jump" coverage="100%" />
                  </conditions>
                </line>
                <line number="60" hits="1" branch="False" />
                <line number="61" hits="1" branch="False" />
                <line number="62" hits="1" branch="False" />
                <line number="63" hits="1" branch="False" />
              </lines>
            </method>
            <method name="PositionalPatterns" signature="()" line-rate="1" branch-rate="0.75" complexity="4">
              <lines>
                <line number="68" hits="1" branch="False" />
                <line number="69" hits="1" branch="False" />
                <line number="71" hits="1" branch="True" condition-coverage="75% (3/4)">
                  <conditions>
                    <condition number="10" type="jump" coverage="50%" />
                    <condition number="32" type="jump" coverage="100%" />
                  </conditions>
                </line>
                <line number="72" hits="1" branch="False" />
                <line number="73" hits="1" branch="False" />
                <line number="74" hits="1" branch="False" />
                <line number="75" hits="1" branch="False" />
              </lines>
            </method>
            <method name="SwitchExpression" signature="()" line-rate="0.7" branch-rate="0.25" complexity="4">
              <lines>
                <line number="85" hits="1" branch="False" />
                <line number="86" hits="1" branch="False" />
                <line number="88" hits="1" branch="True" condition-coverage="25% (1/4)">
                  <conditions>
                    <condition number="8" type="switch" coverage="25%" />
                  </conditions>
                </line>
                <line number="89" hits="1" branch="False" />
                <line number="90" hits="0" branch="False" />
                <line number="91" hits="0" branch="False" />
                <line number="92" hits="1" branch="False" />
                <line number="93" hits="0" branch="False" />
                <line number="94" hits="1" branch="False" />
                <line number="95" hits="1" branch="False" />
              </lines>
            </method>
            <method name="PatternCombinators" signature="()" line-rate="1" branch-rate="0.75" complexity="4">
              <lines>
                <line number="98" hits="1" branch="False" />
                <line number="99" hits="1" branch="False" />
                <line number="101" hits="1" branch="True" condition-coverage="75% (3/4)">
                  <conditions>
                    <condition number="16" type="jump" coverage="50%" />
                    <condition number="33" type="jump" coverage="100%" />
                  </conditions>
                </line>
                <line number="102" hits="1" branch="False" />
                <line number="103" hits="1" branch="False" />
                <line number="104" hits="1" branch="False" />
                <line number="105" hits="1" branch="False" />
              </lines>
            </method>
            <method name="NullChecks" signature="()" line-rate="0" branch-rate="0" complexity="4">
              <lines>
                <line number="109" hits="0" branch="False" />
                <line number="110" hits="0" branch="False" />
                <line number="113" hits="0" branch="True" condition-coverage="0% (0/4)">
                  <conditions>
                    <condition number="17" type="jump" coverage="0%" />
                    <condition number="33" type="jump" coverage="0%" />
                  </conditions>
                </line>
                <line number="114" hits="0" branch="False" />
                <line number="115" hits="0" branch="False" />
                <line number="116" hits="0" branch="False" />
                <line number="118" hits="0" branch="False" />
                <line number="119" hits="0" branch="False" />
                <line number="120" hits="0" branch="False" />
                <line number="121" hits="0" branch="False" />
              </lines>
            </method>
          </methods>
          <lines>
            <line number="9" hits="1" branch="False" />
            <line number="10" hits="1" branch="False" />
            <line number="11" hits="1" branch="True" condition-coverage="100% (2/2)">
              <conditions>
                <condition number="20" type="jump" coverage="100%" />
              </conditions>
            </line>
            <line number="12" hits="1" branch="False" />
            <line number="13" hits="1" branch="False" />
            <line number="14" hits="1" branch="False" />
            <line number="15" hits="1" branch="False" />
            <line number="19" hits="1" branch="False" />
            <line number="20" hits="1" branch="False" />
            <line number="22" hits="1" branch="True" condition-coverage="75% (3/4)">
              <conditions>
                <condition number="15" type="jump" coverage="50%" />
                <condition number="32" type="jump" coverage="100%" />
              </conditions>
            </line>
            <line number="23" hits="1" branch="False" />
            <line number="24" hits="1" branch="False" />
            <line number="25" hits="1" branch="False" />
            <line number="26" hits="1" branch="False" />
            <line number="29" hits="1" branch="False" />
            <line number="30" hits="1" branch="False" />
            <line number="32" hits="1" branch="True" condition-coverage="33.33% (2/6)">
              <conditions>
                <condition number="26" type="jump" coverage="50%" />
                <condition number="37" type="jump" coverage="0%" />
                <condition number="50" type="jump" coverage="50%" />
              </conditions>
            </line>
            <line number="35" hits="0" branch="False" />
            <line number="36" hits="0" branch="False" />
            <line number="38" hits="0" branch="False" />
            <line number="39" hits="0" branch="False" />
            <line number="41" hits="0" branch="False" />
            <line number="42" hits="0" branch="False" />
            <line number="44" hits="1" branch="False" />
            <line number="45" hits="1" branch="False" />
            <line number="47" hits="1" branch="False" />
            <line number="50" hits="1" branch="False" />
            <line number="51" hits="1" branch="True" condition-coverage="75% (3/4)">
              <conditions>
                <condition number="3" type="jump" coverage="50%" />
                <condition number="15" type="jump" coverage="100%" />
              </conditions>
            </line>
            <line number="52" hits="1" branch="False" />
            <line number="53" hits="1" branch="False" />
            <line number="54" hits="1" branch="False" />
            <line number="55" hits="1" branch="False" />
            <line number="58" hits="1" branch="False" />
            <line number="59" hits="1" branch="True" condition-coverage="60% (6/10)">
              <conditions>
                <condition number="4" type="jump" coverage="50%" />
                <condition number="16" type="jump" coverage="50%" />
                <condition number="9" type="jump" coverage="50%" />
                <condition number="21" type="jump" coverage="50%" />
                <condition number="34" type="jump" coverage="100%" />
              </conditions>
            </line>
            <line number="60" hits="1" branch="False" />
            <line number="61" hits="1" branch="False" />
            <line number="62" hits="1" branch="False" />
            <line number="63" hits="1" branch="False" />
            <line number="68" hits="1" branch="False" />
            <line number="69" hits="1" branch="False" />
            <line number="71" hits="1" branch="True" condition-coverage="75% (3/4)">
              <conditions>
                <condition number="10" type="jump" coverage="50%" />
                <condition number="32" type="jump" coverage="100%" />
              </conditions>
            </line>
            <line number="72" hits="1" branch="False" />
            <line number="73" hits="1" branch="False" />
            <line number="74" hits="1" branch="False" />
            <line number="75" hits="1" branch="False" />
            <line number="85" hits="1" branch="False" />
            <line number="86" hits="1" branch="False" />
            <line number="88" hits="1" branch="True" condition-coverage="25% (1/4)">
              <conditions>
                <condition number="8" type="switch" coverage="25%" />
              </conditions>
            </line>
            <line number="89" hits="1" branch="False" />
            <line number="90" hits="0" branch="False" />
            <line number="91" hits="0" branch="False" />
            <line number="92" hits="1" branch="False" />
            <line number="93" hits="0" branch="False" />
            <line number="94" hits="1" branch="False" />
            <line number="95" hits="1" branch="False" />
            <line number="98" hits="1" branch="False" />
            <line number="99" hits="1" branch="False" />
            <line number="101" hits="1" branch="True" condition-coverage="75% (3/4)">
              <conditions>
                <condition number="16" type="jump" coverage="50%" />
                <condition number="33" type="jump" coverage="100%" />
              </conditions>
            </line>
            <line number="102" hits="1" branch="False" />
            <line number="103" hits="1" branch="False" />
            <line number="104" hits="1" branch="False" />
            <line number="105" hits="1" branch="False" />
            <line number="109" hits="0" branch="False" />
            <line number="110" hits="0" branch="False" />
            <line number="113" hits="0" branch="True" condition-coverage="0% (0/4)">
              <conditions>
                <condition number="17" type="jump" coverage="0%" />
                <condition number="33" type="jump" coverage="0%" />
              </conditions>
            </line>
            <line number="114" hits="0" branch="False" />
            <line number="115" hits="0" branch="False" />
            <line number="116" hits="0" branch="False" />
            <line number="118" hits="0" branch="False" />
            <line number="119" hits="0" branch="False" />
            <line number="120" hits="0" branch="False" />
            <line number="121" hits="0" branch="False" />
          </lines>
        </class>
        <class name="Scott.FizzBuzz.Core.PatternMatchingExample/Human" filename="PatternMatchingExample.cs" line-rate="1" branch-rate="1" complexity="1">
          <methods>
            <method name="get_Name" signature="()" line-rate="1" branch-rate="1" complexity="1">
              <lines>
                <line number="17" hits="3" branch="False" />
              </lines>
            </method>
          </methods>
          <lines>
            <line number="17" hits="3" branch="False" />
          </lines>
        </class>
        <class name="Scott.FizzBuzz.Core.PatternMatchingExample/Point" filename="PatternMatchingExample.cs" line-rate="1" branch-rate="1" complexity="1">
          <methods>
            <method name="get_X" signature="()" line-rate="1" branch-rate="1" complexity="1">
              <lines>
                <line number="65" hits="3" branch="False" />
              </lines>
            </method>
          </methods>
          <lines>
            <line number="65" hits="3" branch="False" />
          </lines>
        </class>
        <class name="Scott.FizzBuzz.Core.TuplesExample" filename="TuplesExample.cs" line-rate="1" branch-rate="1" complexity="7">
          <methods>
            <method name="OldTuple" signature="()" line-rate="1" branch-rate="1" complexity="1">
              <lines>
                <line number="7" hits="1" branch="False" />
                <line number="9" hits="1" branch="False" />
                <line number="10" hits="1" branch="False" />
                <line number="11" hits="1" branch="False" />
                <line number="12" hits="1" branch="False" />
                <line number="13" hits="1" branch="False" />
              </lines>
            </method>
            <method name="NewTuple" signature="()" line-rate="1" branch-rate="1" complexity="1">
              <lines>
                <line number="16" hits="1" branch="False" />
                <line number="18" hits="1" branch="False" />
                <line number="19" hits="1" branch="False" />
                <line number="20" hits="1" branch="False" />
                <line number="21" hits="1" branch="False" />
                <line number="22" hits="1" branch="False" />
              </lines>
            </method>
            <method name="NamedTuple" signature="()" line-rate="1" branch-rate="1" complexity="1">
              <lines>
                <line number="26" hits="1" branch="False" />
                <line number="27" hits="1" branch="False" />
                <line number="28" hits="1" branch="False" />
                <line number="29" hits="1" branch="False" />
                <line number="30" hits="1" branch="False" />
                <line number="32" hits="1" branch="False" />
                <line number="33" hits="1" branch="False" />
                <line number="34" hits="1" branch="False" />
              </lines>
            </method>
            <method name="ShowMultipleReturnTuple" signature="()" line-rate="1" branch-rate="1" complexity="1">
              <lines>
                <line number="37" hits="1" branch="False" />
                <line number="38" hits="1" branch="False" />
                <line number="39" hits="1" branch="False" />
                <line number="40" hits="1" branch="False" />
              </lines>
            </method>
            <method name="GetMinMax" signature="(System.Int32[])" line-rate="1" branch-rate="1" complexity="1">
              <lines>
                <line number="43" hits="1" branch="False" />
                <line number="44" hits="1" branch="False" />
                <line number="45" hits="1" branch="False" />
              </lines>
            </method>
            <method name="ShowTupleWithLinq" signature="()" line-rate="1" branch-rate="1" complexity="2">
              <lines>
                <line number="48" hits="1" branch="False" />
                <line number="49" hits="1" branch="False" />
                <line number="50" hits="1" branch="False" />
                <line number="51" hits="1" branch="False" />
                <line number="52" hits="1" branch="False" />
                <line number="53" hits="1" branch="False" />
                <line number="54" hits="1" branch="False" />
                <line number="56" hits="4" branch="False" />
                <line number="58" hits="5" branch="True" condition-coverage="100% (2/2)">
                  <conditions>
                    <condition number="146" type="jump" coverage="100%" />
                  </conditions>
                </line>
                <line number="59" hits="1" branch="False" />
                <line number="60" hits="1" branch="False" />
                <line number="61" hits="1" branch="False" />
                <line number="62" hits="1" branch="False" />
              </lines>
            </method>
          </methods>
          <lines>
            <line number="7" hits="1" branch="False" />
            <line number="9" hits="1" branch="False" />
            <line number="10" hits="1" branch="False" />
            <line number="11" hits="1" branch="False" />
            <line number="12" hits="1" branch="False" />
            <line number="13" hits="1" branch="False" />
            <line number="16" hits="1" branch="False" />
            <line number="18" hits="1" branch="False" />
            <line number="19" hits="1" branch="False" />
            <line number="20" hits="1" branch="False" />
            <line number="21" hits="1" branch="False" />
            <line number="22" hits="1" branch="False" />
            <line number="26" hits="1" branch="False" />
            <line number="27" hits="1" branch="False" />
            <line number="28" hits="1" branch="False" />
            <line number="29" hits="1" branch="False" />
            <line number="30" hits="1" branch="False" />
            <line number="32" hits="1" branch="False" />
            <line number="33" hits="1" branch="False" />
            <line number="34" hits="1" branch="False" />
            <line number="37" hits="1" branch="False" />
            <line number="38" hits="1" branch="False" />
            <line number="39" hits="1" branch="False" />
            <line number="40" hits="1" branch="False" />
            <line number="43" hits="1" branch="False" />
            <line number="44" hits="1" branch="False" />
            <line number="45" hits="1" branch="False" />
            <line number="48" hits="1" branch="False" />
            <line number="49" hits="1" branch="False" />
            <line number="50" hits="1" branch="False" />
            <line number="51" hits="1" branch="False" />
            <line number="52" hits="1" branch="False" />
            <line number="53" hits="1" branch="False" />
            <line number="54" hits="1" branch="False" />
            <line number="56" hits="4" branch="False" />
            <line number="58" hits="5" branch="True" condition-coverage="100% (2/2)">
              <conditions>
                <condition number="146" type="jump" coverage="100%" />
              </conditions>
            </line>
            <line number="59" hits="1" branch="False" />
            <line number="60" hits="1" branch="False" />
            <line number="61" hits="1" branch="False" />
            <line number="62" hits="1" branch="False" />
          </lines>
        </class>
        <class name="Scott.FizzBuzz.Core.Utilities" filename="Utilities.cs" line-rate="0.22219999999999998" branch-rate="0" complexity="7">
          <methods>
            <method name="Pipe" signature="(T,System.Func`2&lt;T,TU&gt;)" line-rate="0" branch-rate="1" complexity="1">
              <lines>
                <line number="10" hits="0" branch="False" />
                <line number="11" hits="0" branch="False" />
                <line number="12" hits="0" branch="False" />
                <line number="13" hits="0" branch="False" />
              </lines>
            </method>
            <method name="TryEither" signature="(System.Func`1&lt;T&gt;,System.Func`2&lt;System.Exception,LanguageExt.Common.Error&gt;)" line-rate="1" branch-rate="1" complexity="1">
              <lines>
                <line number="16" hits="15" branch="False" />
              </lines>
            </method>
            <method name="ToValidation" signature="(LanguageExt.Either`2&lt;LanguageExt.Common.Error,T&gt;)" line-rate="0" branch-rate="0" complexity="4">
              <lines>
                <line number="19" hits="0" branch="True" condition-coverage="0% (0/4)">
                  <conditions>
                    <condition number="8" type="jump" coverage="0%" />
                    <condition number="37" type="jump" coverage="0%" />
                  </conditions>
                </line>
                <line number="20" hits="0" branch="False" />
                <line number="21" hits="0" branch="False" />
              </lines>
            </method>
            <method name="RenderMessages" signature="(LanguageExt.Seq`1&lt;LanguageExt.Common.Error&gt;,System.String)" line-rate="1" branch-rate="1" complexity="1">
              <lines>
                <line number="24" hits="2" branch="False" />
              </lines>
            </method>
          </methods>
          <lines>
            <line number="10" hits="0" branch="False" />
            <line number="11" hits="0" branch="False" />
            <line number="12" hits="0" branch="False" />
            <line number="13" hits="0" branch="False" />
            <line number="16" hits="15" branch="False" />
            <line number="19" hits="0" branch="True" condition-coverage="0% (0/4)">
              <conditions>
                <condition number="8" type="jump" coverage="0%" />
                <condition number="37" type="jump" coverage="0%" />
              </conditions>
            </line>
            <line number="20" hits="0" branch="False" />
            <line number="21" hits="0" branch="False" />
            <line number="24" hits="2" branch="False" />
          </lines>
        </class>
        <class name="Scott.FizzBuzz.Core.Validation.Collections" filename="Validation/Collections.cs" line-rate="0" branch-rate="0" complexity="4">
          <methods>
            <method name="NonEmpty" signature="(System.Collections.Generic.IEnumerable`1&lt;T&gt;,System.String)" line-rate="0" branch-rate="0" complexity="4">
              <lines>
                <line number="10" hits="0" branch="True" condition-coverage="0% (0/4)">
                  <conditions>
                    <condition number="1" type="jump" coverage="0%" />
                    <condition number="9" type="jump" coverage="0%" />
                  </conditions>
                </line>
                <line number="11" hits="0" branch="False" />
                <line number="12" hits="0" branch="False" />
              </lines>
            </method>
          </methods>
          <lines>
            <line number="10" hits="0" branch="True" condition-coverage="0% (0/4)">
              <conditions>
                <condition number="1" type="jump" coverage="0%" />
                <condition number="9" type="jump" coverage="0%" />
              </conditions>
            </line>
            <line number="11" hits="0" branch="False" />
            <line number="12" hits="0" branch="False" />
          </lines>
        </class>
        <class name="Scott.FizzBuzz.Core.Validation.Numeric" filename="Validation/Numeric.cs" line-rate="0" branch-rate="0" complexity="8">
          <methods>
            <method name="Positive" signature="(LanguageExt.Option`1&lt;T&gt;,System.String)" line-rate="0" branch-rate="0" complexity="2">
              <lines>
                <line number="13" hits="0" branch="False" />
                <line number="14" hits="0" branch="True" condition-coverage="0% (0/2)">
                  <conditions>
                    <condition number="23" type="jump" coverage="0%" />
                  </conditions>
                </line>
                <line number="15" hits="0" branch="False" />
                <line number="16" hits="0" branch="False" />
                <line number="17" hits="0" branch="False" />
              </lines>
            </method>
            <method name="PositiveOrNone" signature="(LanguageExt.Option`1&lt;System.Nullable`1&lt;T&gt;&gt;,System.String)" line-rate="0" branch-rate="0" complexity="6">
              <lines>
                <line number="21" hits="0" branch="False" />
                <line number="22" hits="0" branch="True" condition-coverage="0% (0/6)">
                  <conditions>
                    <condition number="7" type="jump" coverage="0%" />
                    <condition number="33" type="jump" coverage="0%" />
                    <condition number="57" type="jump" coverage="0%" />
                  </conditions>
                </line>
                <line number="23" hits="0" branch="False" />
                <line number="24" hits="0" branch="False" />
                <line number="25" hits="0" branch="False" />
              </lines>
            </method>
          </methods>
          <lines>
            <line number="13" hits="0" branch="False" />
            <line number="14" hits="0" branch="True" condition-coverage="0% (0/2)">
              <conditions>
                <condition number="23" type="jump" coverage="0%" />
              </conditions>
            </line>
            <line number="15" hits="0" branch="False" />
            <line number="16" hits="0" branch="False" />
            <line number="17" hits="0" branch="False" />
            <line number="21" hits="0" branch="False" />
            <line number="22" hits="0" branch="True" condition-coverage="0% (0/6)">
              <conditions>
                <condition number="7" type="jump" coverage="0%" />
                <condition number="33" type="jump" coverage="0%" />
                <condition number="57" type="jump" coverage="0%" />
              </conditions>
            </line>
            <line number="23" hits="0" branch="False" />
            <line number="24" hits="0" branch="False" />
            <line number="25" hits="0" branch="False" />
          </lines>
        </class>
        <class name="Scott.FizzBuzz.Core.Validation.Optional" filename="Validation/Optional.cs" line-rate="0" branch-rate="1" complexity="1">
          <methods>
            <method name="PassThrough" signature="(LanguageExt.Option`1&lt;T&gt;)" line-rate="0" branch-rate="1" complexity="1">
              <lines>
                <line number="10" hits="0" branch="False" />
              </lines>
            </method>
          </methods>
          <lines>
            <line number="10" hits="0" branch="False" />
          </lines>
        </class>
        <class name="Scott.FizzBuzz.Core.Validation.Parsing" filename="Validation/Parsing.cs" line-rate="0" branch-rate="0" complexity="2">
          <methods>
            <method name="FromString" signature="(System.String)" line-rate="0" branch-rate="0" complexity="2">
              <lines>
                <line number="10" hits="0" branch="True" condition-coverage="0% (0/2)">
                  <conditions>
                    <condition number="33" type="jump" coverage="0%" />
                  </conditions>
                </line>
                <line number="11" hits="0" branch="False" />
                <line number="12" hits="0" branch="False" />
              </lines>
            </method>
          </methods>
          <lines>
            <line number="10" hits="0" branch="True" condition-coverage="0% (0/2)">
              <conditions>
                <condition number="33" type="jump" coverage="0%" />
              </conditions>
            </line>
            <line number="11" hits="0" branch="False" />
            <line number="12" hits="0" branch="False" />
          </lines>
        </class>
        <class name="Scott.FizzBuzz.Core.Validation.Ranges" filename="Validation/Ranges.cs" line-rate="0" branch-rate="0" complexity="2">
          <methods>
            <method name="DateRange" signature="(LanguageExt.Option`1&lt;System.DateTime&gt;,LanguageExt.Option`1&lt;System.DateTime&gt;)" line-rate="0" branch-rate="0" complexity="2">
              <lines>
                <line number="10" hits="0" branch="False" />
                <line number="11" hits="0" branch="False" />
                <line number="12" hits="0" branch="True" condition-coverage="0% (0/2)">
                  <conditions>
                    <condition number="12" type="jump" coverage="0%" />
                  </conditions>
                </line>
                <line number="13" hits="0" branch="False" />
                <line number="14" hits="0" branch="False" />
                <line number="15" hits="0" branch="False" />
                <line number="16" hits="0" branch="False" />
              </lines>
            </method>
          </methods>
          <lines>
            <line number="10" hits="0" branch="False" />
            <line number="11" hits="0" branch="False" />
            <line number="12" hits="0" branch="True" condition-coverage="0% (0/2)">
              <conditions>
                <condition number="12" type="jump" coverage="0%" />
              </conditions>
            </line>
            <line number="13" hits="0" branch="False" />
            <line number="14" hits="0" branch="False" />
            <line number="15" hits="0" branch="False" />
            <line number="16" hits="0" branch="False" />
          </lines>
        </class>
        <class name="Scott.FizzBuzz.Core.Validation.Required" filename="Validation/Required.cs" line-rate="1" branch-rate="0.8332999999999999" complexity="6">
          <methods>
            <method name="Value" signature="(LanguageExt.Option`1&lt;T&gt;,System.String)" line-rate="1" branch-rate="0.8332999999999999" complexity="6">
              <lines>
                <line number="10" hits="4" branch="False" />
                <line number="11" hits="4" branch="False" />
                <line number="12" hits="3" branch="True" condition-coverage="83.33% (5/6)">
                  <conditions>
                    <condition number="16" type="jump" coverage="100%" />
                    <condition number="32" type="jump" coverage="50%" />
                    <condition number="54" type="jump" coverage="100%" />
                  </conditions>
                </line>
                <line number="13" hits="3" branch="False" />
                <line number="14" hits="3" branch="False" />
                <line number="15" hits="5" branch="False" />
              </lines>
            </method>
          </methods>
          <lines>
            <line number="10" hits="4" branch="False" />
            <line number="11" hits="4" branch="False" />
            <line number="12" hits="3" branch="True" condition-coverage="83.33% (5/6)">
              <conditions>
                <condition number="16" type="jump" coverage="100%" />
                <condition number="32" type="jump" coverage="50%" />
                <condition number="54" type="jump" coverage="100%" />
              </conditions>
            </line>
            <line number="13" hits="3" branch="False" />
            <line number="14" hits="3" branch="False" />
            <line number="15" hits="5" branch="False" />
          </lines>
        </class>
        <class name="Scott.FizzBuzz.Core.Validation.Strings" filename="Validation/Strings.cs" line-rate="0" branch-rate="0" complexity="5">
          <methods>
            <method name="MaxLength" signature="(System.Int32)" line-rate="0" branch-rate="0" complexity="4">
              <lines>
                <line number="10" hits="0" branch="True" condition-coverage="0% (0/4)">
                  <conditions>
                    <condition number="6" type="jump" coverage="0%" />
                    <condition number="20" type="jump" coverage="0%" />
                  </conditions>
                </line>
                <line number="11" hits="0" branch="False" />
                <line number="12" hits="0" branch="False" />
              </lines>
            </method>
            <method name="RequiredWithMaxLength" signature="(LanguageExt.Option`1&lt;System.String&gt;,System.String,System.Int32)" line-rate="0" branch-rate="1" complexity="1">
              <lines>
                <line number="15" hits="0" branch="False" />
              </lines>
            </method>
          </methods>
          <lines>
            <line number="10" hits="0" branch="True" condition-coverage="0% (0/4)">
              <conditions>
                <condition number="6" type="jump" coverage="0%" />
                <condition number="20" type="jump" coverage="0%" />
              </conditions>
            </line>
            <line number="11" hits="0" branch="False" />
            <line number="12" hits="0" branch="False" />
            <line number="15" hits="0" branch="False" />
          </lines>
        </class>
        <class name="Scott.FizzBuzz.Core.TryOptionExamples.UserRepositoryForTryOption" filename="TryOptionExamples/UserRepositoryForTryOption.cs" line-rate="0" branch-rate="0" complexity="2">
          <methods>
            <method name="GetUser" signature="(System.String)" line-rate="0" branch-rate="0" complexity="2">
              <lines>
                <line number="11" hits="0" branch="False" />
                <line number="12" hits="0" branch="False" />
                <line number="13" hits="0" branch="False" />
                <line number="14" hits="0" branch="False" />
                <line number="15" hits="0" branch="False" />
                <line number="16" hits="0" branch="False" />
                <line number="17" hits="0" branch="False" />
                <line number="18" hits="0" branch="False" />
                <line number="19" hits="0" branch="False" />
                <line number="20" hits="0" branch="False" />
                <line number="21" hits="0" branch="False" />
                <line number="22" hits="0" branch="True" condition-coverage="0% (0/2)">
                  <conditions>
                    <condition number="97" type="jump" coverage="0%" />
                  </conditions>
                </line>
                <line number="23" hits="0" branch="False" />
                <line number="24" hits="0" branch="False" />
                <line number="25" hits="0" branch="False" />
                <line number="26" hits="0" branch="False" />
              </lines>
            </method>
          </methods>
          <lines>
            <line number="11" hits="0" branch="False" />
            <line number="12" hits="0" branch="False" />
            <line number="13" hits="0" branch="False" />
            <line number="14" hits="0" branch="False" />
            <line number="15" hits="0" branch="False" />
            <line number="16" hits="0" branch="False" />
            <line number="17" hits="0" branch="False" />
            <line number="18" hits="0" branch="False" />
            <line number="19" hits="0" branch="False" />
            <line number="20" hits="0" branch="False" />
            <line number="21" hits="0" branch="False" />
            <line number="22" hits="0" branch="True" condition-coverage="0% (0/2)">
              <conditions>
                <condition number="97" type="jump" coverage="0%" />
              </conditions>
            </line>
            <line number="23" hits="0" branch="False" />
            <line number="24" hits="0" branch="False" />
            <line number="25" hits="0" branch="False" />
            <line number="26" hits="0" branch="False" />
          </lines>
        </class>
        <class name="Scott.FizzBuzz.Core.RefactorExample.ShoppingCart" filename="RefactorExample/ShoppingCart.cs" line-rate="0" branch-rate="0" complexity="2">
          <methods>
            <method name="GetDiscountPercentage" signature="(System.Collections.Generic.List`1&lt;System.String&gt;)" line-rate="0" branch-rate="0" complexity="2">
              <lines>
                <line number="18" hits="0" branch="False" />
                <line number="19" hits="0" branch="True" condition-coverage="0% (0/2)">
                  <conditions>
                    <condition number="12" type="jump" coverage="0%" />
                  </conditions>
                </line>
                <line number="22" hits="0" branch="False" />
              </lines>
            </method>
          </methods>
          <lines>
            <line number="18" hits="0" branch="False" />
            <line number="19" hits="0" branch="True" condition-coverage="0% (0/2)">
              <conditions>
                <condition number="12" type="jump" coverage="0%" />
              </conditions>
            </line>
            <line number="22" hits="0" branch="False" />
          </lines>
        </class>
        <class name="Scott.FizzBuzz.Core.OptionExample.UserRepositoryOption" filename="OptionExample/UserRepositoryOption.cs" line-rate="0" branch-rate="0" complexity="2">
          <methods>
            <method name="GetUser" signature="(System.String)" line-rate="0" branch-rate="0" complexity="2">
              <lines>
                <line number="11" hits="0" branch="False" />
                <line number="13" hits="0" branch="False" />
                <line number="14" hits="0" branch="False" />
                <line number="15" hits="0" branch="False" />
                <line number="16" hits="0" branch="False" />
                <line number="17" hits="0" branch="False" />
                <line number="20" hits="0" branch="True" condition-coverage="0% (0/2)">
                  <conditions>
                    <condition number="92" type="jump" coverage="0%" />
                  </conditions>
                </line>
                <line number="21" hits="0" branch="False" />
                <line number="22" hits="0" branch="False" />
                <line number="23" hits="0" branch="False" />
              </lines>
            </method>
          </methods>
          <lines>
            <line number="11" hits="0" branch="False" />
            <line number="13" hits="0" branch="False" />
            <line number="14" hits="0" branch="False" />
            <line number="15" hits="0" branch="False" />
            <line number="16" hits="0" branch="False" />
            <line number="17" hits="0" branch="False" />
            <line number="20" hits="0" branch="True" condition-coverage="0% (0/2)">
              <conditions>
                <condition number="92" type="jump" coverage="0%" />
              </conditions>
            </line>
            <line number="21" hits="0" branch="False" />
            <line number="22" hits="0" branch="False" />
            <line number="23" hits="0" branch="False" />
          </lines>
        </class>
        <class name="Scott.FizzBuzz.Core.MonadicFunctions.ImpureFunctions" filename="MonadicFunctions/ImpureFunctions.cs" line-rate="0" branch-rate="1" complexity="3">
          <methods>
            <method name="Closure" signature="(System.String)" line-rate="0" branch-rate="1" complexity="1">
              <lines>
                <line number="10" hits="0" branch="False" />
              </lines>
            </method>
            <method name="Divide" signature="(System.Decimal,System.Decimal)" line-rate="0" branch-rate="1" complexity="1">
              <lines>
                <line number="13" hits="0" branch="False" />
              </lines>
            </method>
            <method name=".cctor" signature="()" line-rate="0" branch-rate="1" complexity="1">
              <lines>
                <line number="5" hits="0" branch="False" />
              </lines>
            </method>
          </methods>
          <lines>
            <line number="10" hits="0" branch="False" />
            <line number="13" hits="0" branch="False" />
            <line number="5" hits="0" branch="False" />
          </lines>
        </class>
        <class name="Scott.FizzBuzz.Core.MonadicFunctions.PureFunctions" filename="MonadicFunctions/PureFunctions.cs" line-rate="0" branch-rate="0" complexity="3">
          <methods>
            <method name="Twice" signature="(System.Int32)" line-rate="0" branch-rate="1" complexity="1">
              <lines>
                <line number="9" hits="0" branch="False" />
              </lines>
            </method>
            <method name="SafeDivide" signature="(System.Double,System.Double)" line-rate="0" branch-rate="0" complexity="2">
              <lines>
                <line number="13" hits="0" branch="True" condition-coverage="0% (0/2)">
                  <conditions>
                    <condition number="10" type="jump" coverage="0%" />
                  </conditions>
                </line>
              </lines>
            </method>
          </methods>
          <lines>
            <line number="9" hits="0" branch="False" />
            <line number="13" hits="0" branch="True" condition-coverage="0% (0/2)">
              <conditions>
                <condition number="10" type="jump" coverage="0%" />
              </conditions>
            </line>
          </lines>
        </class>
        <class name="Scott.FizzBuzz.Core.MonadBasics.Cat" filename="MonadBasics/Cat.cs" line-rate="0" branch-rate="1" complexity="3">
          <methods>
            <method name="get_Name" signature="()" line-rate="0" branch-rate="1" complexity="1">
              <lines>
                <line number="5" hits="0" branch="False" />
              </lines>
            </method>
            <method name="get_IsAlive" signature="()" line-rate="0" branch-rate="1" complexity="1">
              <lines>
                <line number="6" hits="0" branch="False" />
              </lines>
            </method>
            <method name=".ctor" signature="(System.String,System.Nullable`1&lt;System.Boolean&gt;)" line-rate="0" branch-rate="1" complexity="1">
              <lines>
                <line number="3" hits="0" branch="False" />
              </lines>
            </method>
          </methods>
          <lines>
            <line number="5" hits="0" branch="False" />
            <line number="6" hits="0" branch="False" />
            <line number="3" hits="0" branch="False" />
          </lines>
        </class>
        <class name="Scott.FizzBuzz.Core.Interfaces.IDemo" filename="Interfaces/IDemo.cs" line-rate="0" branch-rate="1" complexity="2">
          <methods>
            <method name="get_Category" signature="()" line-rate="0" branch-rate="1" complexity="1">
              <lines>
                <line number="15" hits="0" branch="False" />
              </lines>
            </method>
            <method name="get_Tags" signature="()" line-rate="0" branch-rate="1" complexity="1">
              <lines>
                <line number="20" hits="0" branch="False" />
              </lines>
            </method>
          </methods>
          <lines>
            <line number="15" hits="0" branch="False" />
            <line number="20" hits="0" branch="False" />
          </lines>
        </class>
        <class name="Scott.FizzBuzz.Core.ErrorHandling.FunctionalErrorHandling" filename="ErrorHandling/FunctionalErrorHandling.cs" line-rate="0.2352" branch-rate="0.5" complexity="3">
          <methods>
            <method name="ShowParseErrors" signature="(System.Collections.Generic.IEnumerable`1&lt;Scott.FizzBuzz.Core.CommonExampleCode.Error&gt;)" line-rate="1" branch-rate="0.5" complexity="2">
              <lines>
                <line number="13" hits="1" branch="False" />
                <line number="14" hits="4" branch="True" condition-coverage="50% (1/2)">
                  <conditions>
                    <condition number="7" type="jump" coverage="50%" />
                  </conditions>
                </line>
                <line number="15" hits="1" branch="False" />
                <line number="16" hits="1" branch="False" />
              </lines>
            </method>
            <method name="PrintErrors" signature="(LanguageExt.Either`2&lt;System.String,System.Collections.Generic.List`1&lt;System.String&gt;&gt;)" line-rate="0" branch-rate="1" complexity="1">
              <lines>
                <line number="20" hits="0" branch="False" />
                <line number="21" hits="0" branch="False" />
                <line number="22" hits="0" branch="False" />
                <line number="23" hits="0" branch="False" />
                <line number="24" hits="0" branch="False" />
                <line number="25" hits="0" branch="False" />
                <line number="26" hits="0" branch="False" />
                <line number="27" hits="0" branch="False" />
                <line number="28" hits="0" branch="False" />
                <line number="29" hits="0" branch="False" />
                <line number="30" hits="0" branch="False" />
                <line number="31" hits="0" branch="False" />
                <line number="32" hits="0" branch="False" />
              </lines>
            </method>
          </methods>
          <lines>
            <line number="13" hits="1" branch="False" />
            <line number="14" hits="4" branch="True" condition-coverage="50% (1/2)">
              <conditions>
                <condition number="7" type="jump" coverage="50%" />
              </conditions>
            </line>
            <line number="15" hits="1" branch="False" />
            <line number="16" hits="1" branch="False" />
            <line number="20" hits="0" branch="False" />
            <line number="21" hits="0" branch="False" />
            <line number="22" hits="0" branch="False" />
            <line number="23" hits="0" branch="False" />
            <line number="24" hits="0" branch="False" />
            <line number="25" hits="0" branch="False" />
            <line number="26" hits="0" branch="False" />
            <line number="27" hits="0" branch="False" />
            <line number="28" hits="0" branch="False" />
            <line number="29" hits="0" branch="False" />
            <line number="30" hits="0" branch="False" />
            <line number="31" hits="0" branch="False" />
            <line number="32" hits="0" branch="False" />
          </lines>
        </class>
        <class name="Scott.FizzBuzz.Core.EitherExamples.UserRepository" filename="EitherExamples/UserRepository.cs" line-rate="0" branch-rate="0" complexity="2">
          <methods>
            <method name="GetUser" signature="(System.String)" line-rate="0" branch-rate="0" complexity="2">
              <lines>
                <line number="11" hits="0" branch="False" />
                <line number="13" hits="0" branch="False" />
                <line number="14" hits="0" branch="False" />
                <line number="15" hits="0" branch="False" />
                <line number="16" hits="0" branch="False" />
                <line number="17" hits="0" branch="False" />
                <line number="20" hits="0" branch="True" condition-coverage="0% (0/2)">
                  <conditions>
                    <condition number="92" type="jump" coverage="0%" />
                  </conditions>
                </line>
                <line number="21" hits="0" branch="False" />
                <line number="22" hits="0" branch="False" />
                <line number="23" hits="0" branch="False" />
              </lines>
            </method>
          </methods>
          <lines>
            <line number="11" hits="0" branch="False" />
            <line number="13" hits="0" branch="False" />
            <line number="14" hits="0" branch="False" />
            <line number="15" hits="0" branch="False" />
            <line number="16" hits="0" branch="False" />
            <line number="17" hits="0" branch="False" />
            <line number="20" hits="0" branch="True" condition-coverage="0% (0/2)">
              <conditions>
                <condition number="92" type="jump" coverage="0%" />
              </conditions>
            </line>
            <line number="21" hits="0" branch="False" />
            <line number="22" hits="0" branch="False" />
            <line number="23" hits="0" branch="False" />
          </lines>
        </class>
        <class name="Scott.FizzBuzz.Core.EffExamples.UserRepositoryEff" filename="EffExamples/UserRepositoryEff.cs" line-rate="0" branch-rate="0" complexity="2">
          <methods>
            <method name="GetUser" signature="(System.Int32)" line-rate="0" branch-rate="0" complexity="2">
              <lines>
                <line number="12" hits="0" branch="False" />
                <line number="14" hits="0" branch="True" condition-coverage="0% (0/2)">
                  <conditions>
                    <condition number="14" type="jump" coverage="0%" />
                  </conditions>
                </line>
                <line number="15" hits="0" branch="False" />
                <line number="16" hits="0" branch="False" />
                <line number="17" hits="0" branch="False" />
              </lines>
            </method>
          </methods>
          <lines>
            <line number="12" hits="0" branch="False" />
            <line number="14" hits="0" branch="True" condition-coverage="0% (0/2)">
              <conditions>
                <condition number="14" type="jump" coverage="0%" />
              </conditions>
            </line>
            <line number="15" hits="0" branch="False" />
            <line number="16" hits="0" branch="False" />
            <line number="17" hits="0" branch="False" />
          </lines>
        </class>
        <class name="Scott.FizzBuzz.Core.Demos.CurryingDemo" filename="Demos/CurryingDemo.cs" line-rate="0.8717" branch-rate="1" complexity="10">
          <methods>
            <method name="get_Key" signature="()" line-rate="1" branch-rate="1" complexity="1">
              <lines>
                <line number="23" hits="1" branch="False" />
              </lines>
            </method>
            <method name="get_Category" signature="()" line-rate="0" branch-rate="1" complexity="1">
              <lines>
                <line number="24" hits="0" branch="False" />
              </lines>
            </method>
            <method name="get_Tags" signature="()" line-rate="0" branch-rate="1" complexity="1">
              <lines>
                <line number="25" hits="0" branch="False" />
              </lines>
            </method>
            <method name="Run" signature="(System.String,System.String)" line-rate="1" branch-rate="1" complexity="4">
              <lines>
                <line number="27" hits="1" branch="False" />
                <line number="31" hits="3" branch="False" />
                <line number="32" hits="1" branch="False" />
                <line number="33" hits="1" branch="False" />
                <line number="36" hits="1" branch="False" />
                <line number="37" hits="1" branch="False" />
                <line number="38" hits="1" branch="False" />
                <line number="43" hits="1" branch="False" />
                <line number="44" hits="1" branch="False" />
                <line number="45" hits="5" branch="False" />
                <line number="47" hits="1" branch="False" />
                <line number="50" hits="5" branch="False" />
                <line number="51" hits="5" branch="False" />
                <line number="53" hits="1" branch="False" />
                <line number="54" hits="1" branch="False" />
                <line number="56" hits="1" branch="False" />
                <line number="57" hits="7" branch="True" condition-coverage="100% (2/2)">
                  <conditions>
                    <condition number="334" type="jump" coverage="100%" />
                  </conditions>
                </line>
                <line number="58" hits="2" branch="False" />
                <line number="60" hits="1" branch="False" />
                <line number="61" hits="9" branch="True" condition-coverage="100% (2/2)">
                  <conditions>
                    <condition number="415" type="jump" coverage="100%" />
                  </conditions>
                </line>
                <line number="62" hits="3" branch="False" />
                <line number="64" hits="1" branch="False" />
                <line number="65" hits="1" branch="False" />
              </lines>
            </method>
            <method name="SampleEmployees" signature="()" line-rate="1" branch-rate="1" complexity="1">
              <lines>
                <line number="68" hits="1" branch="False" />
                <line number="69" hits="1" branch="False" />
                <line number="70" hits="1" branch="False" />
                <line number="71" hits="1" branch="False" />
                <line number="72" hits="1" branch="False" />
                <line number="73" hits="1" branch="False" />
              </lines>
            </method>
            <method name=".ctor" signature="()" line-rate="0" branch-rate="1" complexity="1">
              <lines>
                <line number="14" hits="0" branch="False" />
                <line number="15" hits="0" branch="False" />
                <line number="16" hits="0" branch="False" />
              </lines>
            </method>
            <method name=".ctor" signature="(Scott.FizzBuzz.Core.Interfaces.IOutput)" line-rate="1" branch-rate="1" complexity="1">
              <lines>
                <line number="18" hits="1" branch="False" />
                <line number="19" hits="1" branch="False" />
                <line number="20" hits="1" branch="False" />
                <line number="21" hits="1" branch="False" />
              </lines>
            </method>
          </methods>
          <lines>
            <line number="23" hits="1" branch="False" />
            <line number="24" hits="0" branch="False" />
            <line number="25" hits="0" branch="False" />
            <line number="27" hits="1" branch="False" />
            <line number="31" hits="3" branch="False" />
            <line number="32" hits="1" branch="False" />
            <line number="33" hits="1" branch="False" />
            <line number="36" hits="1" branch="False" />
            <line number="37" hits="1" branch="False" />
            <line number="38" hits="1" branch="False" />
            <line number="43" hits="1" branch="False" />
            <line number="44" hits="1" branch="False" />
            <line number="45" hits="5" branch="False" />
            <line number="47" hits="1" branch="False" />
            <line number="50" hits="5" branch="False" />
            <line number="51" hits="5" branch="False" />
            <line number="53" hits="1" branch="False" />
            <line number="54" hits="1" branch="False" />
            <line number="56" hits="1" branch="False" />
            <line number="57" hits="7" branch="True" condition-coverage="100% (2/2)">
              <conditions>
                <condition number="334" type="jump" coverage="100%" />
              </conditions>
            </line>
            <line number="58" hits="2" branch="False" />
            <line number="60" hits="1" branch="False" />
            <line number="61" hits="9" branch="True" condition-coverage="100% (2/2)">
              <conditions>
                <condition number="415" type="jump" coverage="100%" />
              </conditions>
            </line>
            <line number="62" hits="3" branch="False" />
            <line number="64" hits="1" branch="False" />
            <line number="65" hits="1" branch="False" />
            <line number="68" hits="1" branch="False" />
            <line number="69" hits="1" branch="False" />
            <line number="70" hits="1" branch="False" />
            <line number="71" hits="1" branch="False" />
            <line number="72" hits="1" branch="False" />
            <line number="73" hits="1" branch="False" />
            <line number="14" hits="0" branch="False" />
            <line number="15" hits="0" branch="False" />
            <line number="16" hits="0" branch="False" />
            <line number="18" hits="1" branch="False" />
            <line number="19" hits="1" branch="False" />
            <line number="20" hits="1" branch="False" />
            <line number="21" hits="1" branch="False" />
          </lines>
        </class>
        <class name="Scott.FizzBuzz.Core.Demos.EffDemo" filename="Demos/EffDemo.cs" line-rate="0.5" branch-rate="0.5" complexity="19">
          <methods>
            <method name="get_Key" signature="()" line-rate="1" branch-rate="1" complexity="1">
              <lines>
                <line number="24" hits="1" branch="False" />
              </lines>
            </method>
            <method name="get_Category" signature="()" line-rate="0" branch-rate="1" complexity="1">
              <lines>
                <line number="25" hits="0" branch="False" />
              </lines>
            </method>
            <method name="get_Tags" signature="()" line-rate="0" branch-rate="1" complexity="1">
              <lines>
                <line number="26" hits="0" branch="False" />
              </lines>
            </method>
            <method name="Run" signature="(System.String,System.String)" line-rate="0.46149999999999997" branch-rate="0.4" complexity="10">
              <lines>
                <line number="28" hits="1" branch="False" />
                <line number="29" hits="1" branch="False" />
                <line number="30" hits="1" branch="False" />
                <line number="31" hits="1" branch="False" />
                <line number="32" hits="1" branch="False" />
                <line number="33" hits="1" branch="True" condition-coverage="100% (4/4)">
                  <conditions>
                    <condition number="22" type="jump" coverage="100%" />
                    <condition number="53" type="jump" coverage="100%" />
                  </conditions>
                </line>
                <line number="34" hits="1" branch="False" />
                <line number="35" hits="1" branch="False" />
                <line number="36" hits="1" branch="False" />
                <line number="37" hits="0" branch="False" />
                <line number="38" hits="1" branch="False" />
                <line number="39" hits="0" branch="False" />
                <line number="40" hits="0" branch="False" />
                <line number="41" hits="0" branch="False" />
                <line number="42" hits="0" branch="True" condition-coverage="0% (0/2)">
                  <conditions>
                    <condition number="21" type="jump" coverage="0%" />
                  </conditions>
                </line>
                <line number="43" hits="0" branch="False" />
                <line number="44" hits="0" branch="False" />
                <line number="45" hits="0" branch="False" />
                <line number="46" hits="0" branch="False" />
                <line number="47" hits="1" branch="False" />
                <line number="48" hits="1" branch="False" />
                <line number="49" hits="0" branch="True" condition-coverage="0% (0/4)">
                  <conditions>
                    <condition number="77" type="jump" coverage="0%" />
                    <condition number="110" type="jump" coverage="0%" />
                  </conditions>
                </line>
                <line number="50" hits="0" branch="False" />
                <line number="51" hits="0" branch="False" />
                <line number="52" hits="0" branch="False" />
                <line number="53" hits="1" branch="False" />
                <line number="54" hits="1" branch="False" />
                <line number="55" hits="0" branch="False" />
                <line number="56" hits="0" branch="False" />
                <line number="57" hits="0" branch="False" />
                <line number="58" hits="0" branch="False" />
                <line number="59" hits="1" branch="False" />
                <line number="60" hits="0" branch="False" />
                <line number="61" hits="0" branch="False" />
                <line number="62" hits="0" branch="False" />
                <line number="63" hits="0" branch="False" />
                <line number="64" hits="1" branch="False" />
                <line number="65" hits="2" branch="False" />
                <line number="66" hits="1" branch="False" />
              </lines>
            </method>
            <method name="ParseId" signature="(System.String)" line-rate="1" branch-rate="0.75" complexity="4">
              <lines>
                <line number="70" hits="1" branch="True" condition-coverage="75% (3/4)">
                  <conditions>
                    <condition number="6" type="jump" coverage="100%" />
                    <condition number="16" type="jump" coverage="50%" />
                  </conditions>
                </line>
                <line number="71" hits="1" branch="False" />
                <line number="72" hits="1" branch="False" />
              </lines>
            </method>
            <method name=".ctor" signature="()" line-rate="0" branch-rate="1" complexity="1">
              <lines>
                <line number="15" hits="0" branch="False" />
                <line number="16" hits="0" branch="False" />
                <line number="17" hits="0" branch="False" />
              </lines>
            </method>
            <method name=".ctor" signature="(Scott.FizzBuzz.Core.Interfaces.IOutput)" line-rate="1" branch-rate="1" complexity="1">
              <lines>
                <line number="19" hits="1" branch="False" />
                <line number="20" hits="1" branch="False" />
                <line number="21" hits="1" branch="False" />
[...]
              <lines>
                <line number="28" hits="2" branch="False" />
                <line number="29" hits="2" branch="False" />
                <line number="30" hits="2" branch="False" />
                <line number="31" hits="2" branch="False" />
                <line number="32" hits="2" branch="False" />
              </lines>
            </method>
          </methods>
          <lines>
            <line number="28" hits="2" branch="False" />
            <line number="29" hits="2" branch="False" />
            <line number="30" hits="2" branch="False" />
            <line number="31" hits="2" branch="False" />
            <line number="32" hits="2" branch="False" />
          </lines>
        </class>
        <class name="Scott.FizzBuzz.Core.Demos.AsyncEffTriad.LanguageExtAsyncEffWorkflowDemo/&lt;ComposeAsync&gt;d__8" filename="Demos/AsyncEffTriad/LanguageExtAsyncEffWorkflowDemo.cs" line-rate="1" branch-rate="1" complexity="1">
          <methods>
            <method name="MoveNext" signature="()" line-rate="1" branch-rate="1" complexity="1">
              <lines>
                <line number="24" hits="3" branch="False" />
                <line number="25" hits="3" branch="False" />
                <line number="26" hits="3" branch="False" />
                <line number="27" hits="3" branch="False" />
                <line number="34" hits="3" branch="False" />
              </lines>
            </method>
          </methods>
          <lines>
            <line number="24" hits="3" branch="False" />
            <line number="25" hits="3" branch="False" />
            <line number="26" hits="3" branch="False" />
            <line number="27" hits="3" branch="False" />
            <line number="34" hits="3" branch="False" />
          </lines>
        </class>
        <class name="Scott.FizzBuzz.Core.DatabaseExample.DatabaseShell" filename="DatabaseExample/DatabaseShell.cs" line-rate="0" branch-rate="0" complexity="5">
          <methods>
            <method name="GetPerson" signature="(System.Int32)" line-rate="0" branch-rate="0" complexity="2">
              <lines>
                <line number="10" hits="0" branch="False" />
                <line number="11" hits="0" branch="False" />
                <line number="12" hits="0" branch="True" condition-coverage="0% (0/2)">
                  <conditions>
                    <condition number="19" type="jump" coverage="0%" />
                  </conditions>
                </line>
                <line number="13" hits="0" branch="False" />
                <line number="14" hits="0" branch="False" />
                <line number="15" hits="0" branch="False" />
              </lines>
            </method>
            <method name="AddPerson" signature="(Scott.FizzBuzz.Core.CommonExampleCode.Person)" line-rate="0" branch-rate="1" complexity="1">
              <lines>
                <line number="18" hits="0" branch="False" />
                <line number="19" hits="0" branch="False" />
                <line number="20" hits="0" branch="False" />
                <line number="21" hits="0" branch="False" />
                <line number="22" hits="0" branch="False" />
                <line number="23" hits="0" branch="False" />
                <line number="24" hits="0" branch="False" />
              </lines>
            </method>
            <method name="UpdatePerson" signature="(System.Int32,Scott.FizzBuzz.Core.CommonExampleCode.Person)" line-rate="0" branch-rate="0" complexity="2">
              <lines>
                <line number="27" hits="0" branch="False" />
                <line number="28" hits="0" branch="False" />
                <line number="29" hits="0" branch="True" condition-coverage="0% (0/2)">
                  <conditions>
                    <condition number="19" type="jump" coverage="0%" />
                  </conditions>
                </line>
                <line number="30" hits="0" branch="False" />
                <line number="31" hits="0" branch="False" />
                <line number="32" hits="0" branch="False" />
                <line number="33" hits="0" branch="False" />
                <line number="34" hits="0" branch="False" />
                <line number="35" hits="0" branch="False" />
                <line number="36" hits="0" branch="False" />
              </lines>
            </method>
          </methods>
          <lines>
            <line number="10" hits="0" branch="False" />
            <line number="11" hits="0" branch="False" />
            <line number="12" hits="0" branch="True" condition-coverage="0% (0/2)">
              <conditions>
                <condition number="19" type="jump" coverage="0%" />
              </conditions>
            </line>
            <line number="13" hits="0" branch="False" />
            <line number="14" hits="0" branch="False" />
            <line number="15" hits="0" branch="False" />
            <line number="18" hits="0" branch="False" />
            <line number="19" hits="0" branch="False" />
            <line number="20" hits="0" branch="False" />
            <line number="21" hits="0" branch="False" />
            <line number="22" hits="0" branch="False" />
            <line number="23" hits="0" branch="False" />
            <line number="24" hits="0" branch="False" />
            <line number="27" hits="0" branch="False" />
            <line number="28" hits="0" branch="False" />
            <line number="29" hits="0" branch="True" condition-coverage="0% (0/2)">
              <conditions>
                <condition number="19" type="jump" coverage="0%" />
              </conditions>
            </line>
            <line number="30" hits="0" branch="False" />
            <line number="31" hits="0" branch="False" />
            <line number="32" hits="0" branch="False" />
            <line number="33" hits="0" branch="False" />
            <line number="34" hits="0" branch="False" />
            <line number="35" hits="0" branch="False" />
            <line number="36" hits="0" branch="False" />
          </lines>
        </class>
        <class name="Scott.FizzBuzz.Core.Currying.Employee" filename="Currying/Employee.cs" line-rate="1" branch-rate="1" complexity="1">
          <methods>
            <method name="get_Name" signature="()" line-rate="1" branch-rate="1" complexity="1">
              <lines>
                <line number="3" hits="17" branch="False" />
              </lines>
            </method>
          </methods>
          <lines>
            <line number="3" hits="17" branch="False" />
          </lines>
        </class>
        <class name="Scott.FizzBuzz.Core.Currying.UnCurriedFilter" filename="Currying/UnCurriedFilter.cs" line-rate="0" branch-rate="1" complexity="2">
          <methods>
            <method name="FilterUncurried" signature="(System.Collections.Generic.IEnumerable`1&lt;Scott.FizzBuzz.Core.Currying.Employee&gt;,System.Func`2&lt;Scott.FizzBuzz.Core.Currying.Employee,System.Boolean&gt;)" line-rate="0" branch-rate="1" complexity="1">
              <lines>
                <line number="9" hits="0" branch="False" />
              </lines>
            </method>
            <method name="Add" signature="(System.Int32,System.Int32)" line-rate="0" branch-rate="1" complexity="1">
              <lines>
                <line number="12" hits="0" branch="False" />
              </lines>
            </method>
          </methods>
          <lines>
            <line number="9" hits="0" branch="False" />
            <line number="12" hits="0" branch="False" />
          </lines>
        </class>
        <class name="Scott.FizzBuzz.Core.CommonExampleCode.Error" filename="CommonExampleCode/Error.cs" line-rate="1" branch-rate="1" complexity="1">
          <methods>
            <method name="get_Message" signature="()" line-rate="1" branch-rate="1" complexity="1">
              <lines>
                <line number="5" hits="12" branch="False" />
              </lines>
            </method>
          </methods>
          <lines>
            <line number="5" hits="12" branch="False" />
          </lines>
        </class>
        <class name="Scott.FizzBuzz.Core.CommonExampleCode.FakeDatabase" filename="CommonExampleCode/FakeDatabase.cs" line-rate="0" branch-rate="1" complexity="2">
          <methods>
            <method name="get_Persons" signature="()" line-rate="0" branch-rate="1" complexity="1">
              <lines>
                <line number="5" hits="0" branch="False" />
              </lines>
            </method>
            <method name=".cctor" signature="()" line-rate="0" branch-rate="1" complexity="1">
              <lines>
                <line number="6" hits="0" branch="False" />
                <line number="7" hits="0" branch="False" />
                <line number="8" hits="0" branch="False" />
                <line number="9" hits="0" branch="False" />
              </lines>
            </method>
          </methods>
          <lines>
            <line number="5" hits="0" branch="False" />
            <line number="6" hits="0" branch="False" />
            <line number="7" hits="0" branch="False" />
            <line number="8" hits="0" branch="False" />
            <line number="9" hits="0" branch="False" />
          </lines>
        </class>
        <class name="Scott.FizzBuzz.Core.CommonExampleCode.Person" filename="CommonExampleCode/Person.cs" line-rate="0" branch-rate="1" complexity="3">
          <methods>
            <method name="get_Id" signature="()" line-rate="0" branch-rate="1" complexity="1">
              <lines>
                <line number="5" hits="0" branch="False" />
              </lines>
            </method>
            <method name="get_Name" signature="()" line-rate="0" branch-rate="1" complexity="1">
              <lines>
                <line number="6" hits="0" branch="False" />
              </lines>
            </method>
            <method name="get_Age" signature="()" line-rate="0" branch-rate="1" complexity="1">
              <lines>
                <line number="7" hits="0" branch="False" />
              </lines>
            </method>
          </methods>
          <lines>
            <line number="5" hits="0" branch="False" />
            <line number="6" hits="0" branch="False" />
            <line number="7" hits="0" branch="False" />
          </lines>
        </class>
        <class name="Scott.FizzBuzz.Core.CommonExampleCode.User" filename="CommonExampleCode/User.cs" line-rate="0" branch-rate="1" complexity="2">
          <methods>
            <method name="get_Name" signature="()" line-rate="0" branch-rate="1" complexity="1">
              <lines>
                <line number="5" hits="0" branch="False" />
              </lines>
            </method>
            <method name="get_Age" signature="()" line-rate="0" branch-rate="1" complexity="1">
              <lines>
                <line number="6" hits="0" branch="False" />
              </lines>
            </method>
          </methods>
          <lines>
            <line number="5" hits="0" branch="False" />
            <line number="6" hits="0" branch="False" />
          </lines>
        </class>
        <class name="Scott.FizzBuzz.Core.ApplicativeValidationExample.User" filename="ApplicativeValidationExample/User.cs" line-rate="0" branch-rate="0" complexity="10">
          <methods>
            <method name="get_Age" signature="()" line-rate="0" branch-rate="1" complexity="1">
              <lines>
                <line number="11" hits="0" branch="False" />
              </lines>
            </method>
            <method name="get_FirstName" signature="()" line-rate="0" branch-rate="1" complexity="1">
              <lines>
                <line number="12" hits="0" branch="False" />
              </lines>
            </method>
            <method name="Create" signature="(System.Int32,System.String)" line-rate="0" branch-rate="1" complexity="1">
              <lines>
                <line number="21" hits="0" branch="False" />
                <line number="22" hits="0" branch="False" />
                <line number="23" hits="0" branch="False" />
                <line number="24" hits="0" branch="False" />
                <line number="25" hits="0" branch="False" />
              </lines>
            </method>
            <method name="ValidateAge" signature="(System.Int32)" line-rate="0" branch-rate="0" complexity="2">
              <lines>
                <line number="28" hits="0" branch="True" condition-coverage="0% (0/2)">
                  <conditions>
                    <condition number="2" type="jump" coverage="0%" />
                  </conditions>
                </line>
                <line number="29" hits="0" branch="False" />
                <line number="30" hits="0" branch="False" />
              </lines>
            </method>
            <method name="ValidateFirstName" signature="(System.String)" line-rate="0" branch-rate="0" complexity="4">
              <lines>
                <line number="33" hits="0" branch="False" />
                <line number="34" hits="0" branch="True" condition-coverage="0% (0/2)">
                  <conditions>
                    <condition number="9" type="jump" coverage="0%" />
                  </conditions>
                </line>
                <line number="35" hits="0" branch="False" />
                <line number="37" hits="0" branch="True" condition-coverage="0% (0/2)">
                  <conditions>
                    <condition number="45" type="jump" coverage="0%" />
                  </conditions>
                </line>
                <line number="38" hits="0" branch="False" />
                <line number="40" hits="0" branch="False" />
                <line number="41" hits="0" branch="False" />
              </lines>
            </method>
            <method name=".ctor" signature="(System.Int32,System.String)" line-rate="0" branch-rate="1" complexity="1">
              <lines>
                <line number="14" hits="0" branch="False" />
                <line number="15" hits="0" branch="False" />
                <line number="16" hits="0" branch="False" />
                <line number="17" hits="0" branch="False" />
                <line number="18" hits="0" branch="False" />
              </lines>
            </method>
          </methods>
          <lines>
            <line number="11" hits="0" branch="False" />
            <line number="12" hits="0" branch="False" />
            <line number="21" hits="0" branch="False" />
            <line number="22" hits="0" branch="False" />
            <line number="23" hits="0" branch="False" />
            <line number="24" hits="0" branch="False" />
            <line number="25" hits="0" branch="False" />
            <line number="28" hits="0" branch="True" condition-coverage="0% (0/2)">
              <conditions>
                <condition number="2" type="jump" coverage="0%" />
              </conditions>
            </line>
            <line number="29" hits="0" branch="False" />
            <line number="30" hits="0" branch="False" />
            <line number="33" hits="0" branch="False" />
            <line number="34" hits="0" branch="True" condition-coverage="0% (0/2)">
              <conditions>
                <condition number="9" type="jump" coverage="0%" />
              </conditions>
            </line>
            <line number="35" hits="0" branch="False" />
            <line number="37" hits="0" branch="True" condition-coverage="0% (0/2)">
              <conditions>
                <condition number="45" type="jump" coverage="0%" />
              </conditions>
            </line>
            <line number="38" hits="0" branch="False" />
            <line number="40" hits="0" branch="False" />
            <line number="41" hits="0" branch="False" />
            <line number="14" hits="0" branch="False" />
            <line number="15" hits="0" branch="False" />
            <line number="16" hits="0" branch="False" />
            <line number="17" hits="0" branch="False" />
            <line number="18" hits="0" branch="False" />
          </lines>
        </class>
        <class name="Scott.FizzBuzz.Core.ApplicativeValidationExample.UserEntity" filename="ApplicativeValidationExample/UserEntity.cs" line-rate="0" branch-rate="1" complexity="3">
          <methods>
            <method name="get_Id" signature="()" line-rate="0" branch-rate="1" complexity="1">
              <lines>
                <line number="6" hits="0" branch="False" />
              </lines>
            </method>
            <method name="get_Age" signature="()" line-rate="0" branch-rate="1" complexity="1">
              <lines>
                <line number="7" hits="0" branch="False" />
              </lines>
            </method>
            <method name="get_FirstName" signature="()" line-rate="0" branch-rate="1" complexity="1">
              <lines>
                <line number="8" hits="0" branch="False" />
              </lines>
            </method>
          </methods>
          <lines>
            <line number="6" hits="0" branch="False" />
            <line number="7" hits="0" branch="False" />
            <line number="8" hits="0" branch="False" />
          </lines>
        </class>
        <class name="Scott.FizzBuzz.Core.AffExamples.UserRepositoryAff" filename="AffExamples/UserRepositoryAff.cs" line-rate="0" branch-rate="1" complexity="1">
          <methods>
            <method name="GetUserAsync" signature="(System.Int32)" line-rate="0" branch-rate="1" complexity="1">
              <lines>
                <line number="12" hits="0" branch="False" />
                <line number="13" hits="0" branch="False" />
                <line number="14" hits="0" branch="False" />
                <line number="15" hits="0" branch="False" />
                <line number="16" hits="0" branch="False" />
                <line number="17" hits="0" branch="False" />
                <line number="18" hits="0" branch="False" />
                <line number="19" hits="0" branch="False" />
                <line number="20" hits="0" branch="False" />
                <line number="21" hits="0" branch="False" />
                <line number="22" hits="0" branch="False" />
                <line number="23" hits="0" branch="False" />
                <line number="24" hits="0" branch="False" />
                <line number="25" hits="0" branch="False" />
                <line number="26" hits="0" branch="False" />
                <line number="27" hits="0" branch="False" />
              </lines>
            </method>
          </methods>
          <lines>
            <line number="12" hits="0" branch="False" />
            <line number="13" hits="0" branch="False" />
            <line number="14" hits="0" branch="False" />
            <line number="15" hits="0" branch="False" />
            <line number="16" hits="0" branch="False" />
            <line number="17" hits="0" branch="False" />
            <line number="18" hits="0" branch="False" />
            <line number="19" hits="0" branch="False" />
            <line number="20" hits="0" branch="False" />
            <line number="21" hits="0" branch="False" />
            <line number="22" hits="0" branch="False" />
            <line number="23" hits="0" branch="False" />
            <line number="24" hits="0" branch="False" />
            <line number="25" hits="0" branch="False" />
            <line number="26" hits="0" branch="False" />
            <line number="27" hits="0" branch="False" />
          </lines>
        </class>
        <class name="Scott.FizzBuzz.Core.AffExamples.UserRepositoryAff/&lt;&gt;c__DisplayClass0_0/&lt;&lt;GetUserAsync&gt;b__0&gt;d" filename="AffExamples/UserRepositoryAff.cs" line-rate="1" branch-rate="0" complexity="2">
          <methods />
          <lines />
        </class>
      </classes>
    </package>
  </packages>
</coverage>